VirtualBox VM 5.2.10_Ubuntu r121806 linux.amd64 (Jun 15 2018 16:14:07) release log
00:00:00.038784 Log opened 2018-07-27T04:11:19.840905000Z
00:00:00.038785 Build Type: release
00:00:00.038787 OS Product: Linux
00:00:00.038788 OS Release: 4.15.0-29-generic
00:00:00.038788 OS Version: #31-Ubuntu SMP Tue Jul 17 15:39:52 UTC 2018
00:00:00.038805 DMI Product Name: TP501UB
00:00:00.038811 DMI Product Version: 1.0       
00:00:00.038846 Host RAM: 7873MB (7.6GB) total, 2285MB (2.2GB) available
00:00:00.038849 Executable: /usr/lib/virtualbox/VBoxHeadless
00:00:00.038850 Process ID: 28436
00:00:00.038850 Package type: LINUX_64BITS_GENERIC (OSE)
00:00:00.066197 Installed Extension Packs:
00:00:00.066210   VNC (Version: 5.2.10 r121806; VRDE Module: VBoxVNC)
00:00:00.080682 Console: Machine state changed to 'Starting'
00:00:00.120291 SUP: Loaded VMMR0.r0 (/usr/lib/virtualbox/VMMR0.r0) at 0xXXXXXXXXXXXXXXXX - ModuleInit at XXXXXXXXXXXXXXXX and ModuleTerm at XXXXXXXXXXXXXXXX
00:00:00.120318 SUP: VMMR0EntryEx located at XXXXXXXXXXXXXXXX and VMMR0EntryFast at XXXXXXXXXXXXXXXX
00:00:00.123154 Guest OS type: 'Linux26_64'
00:00:00.125647 fHMForced=true - 64-bit guest
00:00:00.133696 File system of '/home/rohe/.docker/machine/machines/ServerDocker/boot2docker.iso' (DVD) is ext4
00:00:00.136196 File system of '/home/rohe/.docker/machine/machines/ServerDocker/ServerDocker/Snapshots' (snapshots) is unknown
00:00:00.136202 File system of '/home/rohe/.docker/machine/machines/ServerDocker/disk.vmdk' is ext4
00:00:00.224928 Shared clipboard service loaded
00:00:00.224942 Shared clipboard mode: Off
00:00:00.225764 Drag and drop service loaded
00:00:00.225770 Drag and drop mode: Off
00:00:00.256488 Guest Control service loaded
00:00:00.258066 Per-VM extradata API settings:
00:00:00.258073   VBoxInternal2/SharedFoldersEnableSymlinksCreate/hosthome="1"
00:00:00.258354 ************************* CFGM dump *************************
00:00:00.258358 [/] (level 0)
00:00:00.258366   CSAMEnabled       <integer> = 0x0000000000000001 (1)
00:00:00.258369   CpuExecutionCap   <integer> = 0x0000000000000064 (100)
00:00:00.258370   EnablePAE         <integer> = 0x0000000000000001 (1)
00:00:00.258371   HMEnabled         <integer> = 0x0000000000000001 (1)
00:00:00.258372   MemBalloonSize    <integer> = 0x0000000000000000 (0)
00:00:00.258372   Name              <string>  = "ServerDocker" (cb=13)
00:00:00.258373   NumCPUs           <integer> = 0x0000000000000001 (1)
00:00:00.258374   PATMEnabled       <integer> = 0x0000000000000001 (1)
00:00:00.258375   PageFusionAllowed <integer> = 0x0000000000000000 (0)
00:00:00.258376   RamHoleSize       <integer> = 0x0000000020000000 (536 870 912, 512 MB)
00:00:00.258377   RamSize           <integer> = 0x0000000040000000 (1 073 741 824, 1 024 MB)
00:00:00.258379   RawR0Enabled      <integer> = 0x0000000000000001 (1)
00:00:00.258379   RawR3Enabled      <integer> = 0x0000000000000001 (1)
00:00:00.258380   TimerMillies      <integer> = 0x000000000000000a (10)
00:00:00.258381   UUID              <bytes>   = "99 b1 4c 4b 8b cc 94 44 ab 82 46 e6 99 52 3c 19" (cb=16)
00:00:00.258386 
00:00:00.258388 [/CPUM/] (level 1)
00:00:00.258389   GuestCpuName       <string>  = "host" (cb=5)
00:00:00.258390   PortableCpuIdLevel <integer> = 0x0000000000000000 (0)
00:00:00.258390   SpecCtrl           <integer> = 0x0000000000000000 (0)
00:00:00.258391 
00:00:00.258393 [/DBGC/] (level 1)
00:00:00.258394   GlobalInitScript <string>  = "/home/rohe/.config/VirtualBox/dbgc-init" (cb=40)
00:00:00.258395   HistoryFile      <string>  = "/home/rohe/.config/VirtualBox/dbgc-history" (cb=43)
00:00:00.258396   LocalInitScript  <string>  = "/home/rohe/.docker/machine/machines/ServerDocker/ServerDocker/dbgc-init" (cb=72)
00:00:00.258396 
00:00:00.258397 [/DBGF/] (level 1)
00:00:00.258398   Path <string>  = "/home/rohe/.docker/machine/machines/ServerDocker/ServerDocker/debug/;/home/rohe/.docker/machine/machines/ServerDocker/ServerDocker/;/home/rohe/" (cb=144)
00:00:00.258398 
00:00:00.258399 [/Devices/] (level 1)
00:00:00.258399 
00:00:00.258400 [/Devices/8237A/] (level 2)
00:00:00.258401 
00:00:00.258401 [/Devices/8237A/0/] (level 3)
00:00:00.258402   Trusted <integer> = 0x0000000000000001 (1)
00:00:00.258403 
00:00:00.258403 [/Devices/GIMDev/] (level 2)
00:00:00.258404 
00:00:00.258404 [/Devices/GIMDev/0/] (level 3)
00:00:00.258405   Trusted <integer> = 0x0000000000000001 (1)
00:00:00.258406 
00:00:00.258406 [/Devices/VMMDev/] (level 2)
00:00:00.258407 
00:00:00.258407 [/Devices/VMMDev/0/] (level 3)
00:00:00.258408   PCIBusNo      <integer> = 0x0000000000000000 (0)
00:00:00.258409   PCIDeviceNo   <integer> = 0x0000000000000004 (4)
00:00:00.258410   PCIFunctionNo <integer> = 0x0000000000000000 (0)
00:00:00.258410   Trusted       <integer> = 0x0000000000000001 (1)
00:00:00.258411 
00:00:00.258411 [/Devices/VMMDev/0/Config/] (level 4)
00:00:00.258412   GuestCoreDumpDir <string>  = "/home/rohe/.docker/machine/machines/ServerDocker/ServerDocker/Snapshots" (cb=72)
00:00:00.258413 
00:00:00.258413 [/Devices/VMMDev/0/LUN#0/] (level 4)
00:00:00.258414   Driver <string>  = "HGCM" (cb=5)
00:00:00.258415 
00:00:00.258415 [/Devices/VMMDev/0/LUN#0/Config/] (level 5)
00:00:00.258416   Object <integer> = 0x00007f41f0000b70 (139 921 176 136 560)
00:00:00.258418 
00:00:00.258418 [/Devices/VMMDev/0/LUN#999/] (level 4)
00:00:00.258419   Driver <string>  = "MainStatus" (cb=11)
00:00:00.258420 
00:00:00.258420 [/Devices/VMMDev/0/LUN#999/Config/] (level 5)
00:00:00.258421   First   <integer> = 0x0000000000000000 (0)
00:00:00.258422   Last    <integer> = 0x0000000000000000 (0)
00:00:00.258422   papLeds <integer> = 0x00007f41f8001bd0 (139 921 310 358 480)
00:00:00.258424 
00:00:00.258424 [/Devices/acpi/] (level 2)
00:00:00.258425 
00:00:00.258425 [/Devices/acpi/0/] (level 3)
00:00:00.258426   PCIBusNo      <integer> = 0x0000000000000000 (0)
00:00:00.258427   PCIDeviceNo   <integer> = 0x0000000000000007 (7)
00:00:00.258427   PCIFunctionNo <integer> = 0x0000000000000000 (0)
00:00:00.258428   Trusted       <integer> = 0x0000000000000001 (1)
00:00:00.258429 
00:00:00.258429 [/Devices/acpi/0/Config/] (level 4)
00:00:00.258430   CpuHotPlug          <integer> = 0x0000000000000000 (0)
00:00:00.258431   FdcEnabled          <integer> = 0x0000000000000000 (0)
00:00:00.258432   HostBusPciAddress   <integer> = 0x0000000000000000 (0)
00:00:00.258432   HpetEnabled         <integer> = 0x0000000000000001 (1)
00:00:00.258433   IOAPIC              <integer> = 0x0000000000000001 (1)
00:00:00.258434   IocPciAddress       <integer> = 0x0000000000010000 (65 536)
00:00:00.258435   NumCPUs             <integer> = 0x0000000000000001 (1)
00:00:00.258435   Parallel0IoPortBase <integer> = 0x0000000000000000 (0)
00:00:00.258436   Parallel0Irq        <integer> = 0x0000000000000000 (0)
00:00:00.258437   Parallel1IoPortBase <integer> = 0x0000000000000000 (0)
00:00:00.258437   Parallel1Irq        <integer> = 0x0000000000000000 (0)
00:00:00.258438   Serial0IoPortBase   <integer> = 0x0000000000000000 (0)
00:00:00.258439   Serial0Irq          <integer> = 0x0000000000000000 (0)
00:00:00.258439   Serial1IoPortBase   <integer> = 0x0000000000000000 (0)
00:00:00.258440   Serial1Irq          <integer> = 0x0000000000000000 (0)
00:00:00.258440   ShowCpu             <integer> = 0x0000000000000001 (1)
00:00:00.258441   ShowRtc             <integer> = 0x0000000000000000 (0)
00:00:00.258442   SmcEnabled          <integer> = 0x0000000000000000 (0)
00:00:00.258443 
00:00:00.258443 [/Devices/acpi/0/LUN#0/] (level 4)
00:00:00.258444   Driver <string>  = "ACPIHost" (cb=9)
00:00:00.258444 
00:00:00.258445 [/Devices/acpi/0/LUN#0/Config/] (level 5)
00:00:00.258446 
00:00:00.258446 [/Devices/ahci/] (level 2)
00:00:00.258447 
00:00:00.258447 [/Devices/ahci/0/] (level 3)
00:00:00.258448   PCIBusNo      <integer> = 0x0000000000000000 (0)
00:00:00.258449   PCIDeviceNo   <integer> = 0x000000000000000d (13)
00:00:00.258450   PCIFunctionNo <integer> = 0x0000000000000000 (0)
00:00:00.258450   Trusted       <integer> = 0x0000000000000001 (1)
00:00:00.258451 
00:00:00.258451 [/Devices/ahci/0/Config/] (level 4)
00:00:00.258452   Bootable  <integer> = 0x0000000000000001 (1)
00:00:00.258453   PortCount <integer> = 0x000000000000001e (30)
00:00:00.258454 
00:00:00.258454 [/Devices/ahci/0/Config/Port0/] (level 5)
00:00:00.258455   Hotpluggable <integer> = 0x0000000000000000 (0)
00:00:00.258456 
00:00:00.258456 [/Devices/ahci/0/Config/Port1/] (level 5)
00:00:00.258457   Hotpluggable <integer> = 0x0000000000000000 (0)
00:00:00.258458 
00:00:00.258458 [/Devices/ahci/0/LUN#0/] (level 4)
00:00:00.258459   Driver <string>  = "SCSI" (cb=5)
00:00:00.258460 
00:00:00.258460 [/Devices/ahci/0/LUN#0/AttachedDriver/] (level 5)
00:00:00.258461   Driver <string>  = "VD" (cb=3)
00:00:00.258462 
00:00:00.258462 [/Devices/ahci/0/LUN#0/AttachedDriver/Config/] (level 6)
00:00:00.258464   Format    <string>  = "RAW" (cb=4)
00:00:00.258464   Mountable <integer> = 0x0000000000000001 (1)
00:00:00.258465   Path      <string>  = "/home/rohe/.docker/machine/machines/ServerDocker/boot2docker.iso" (cb=65)
00:00:00.258466   ReadOnly  <integer> = 0x0000000000000001 (1)
00:00:00.258466   Type      <string>  = "DVD" (cb=4)
00:00:00.258467 
00:00:00.258467 [/Devices/ahci/0/LUN#1/] (level 4)
00:00:00.258468   Driver <string>  = "VD" (cb=3)
00:00:00.258469 
00:00:00.258469 [/Devices/ahci/0/LUN#1/Config/] (level 5)
00:00:00.258470   Format    <string>  = "VMDK" (cb=5)
00:00:00.258471   Mountable <integer> = 0x0000000000000000 (0)
00:00:00.258472   Path      <string>  = "/home/rohe/.docker/machine/machines/ServerDocker/disk.vmdk" (cb=59)
00:00:00.258472   Type      <string>  = "HardDisk" (cb=9)
00:00:00.258473 
00:00:00.258473 [/Devices/ahci/0/LUN#999/] (level 4)
00:00:00.258474   Driver <string>  = "MainStatus" (cb=11)
00:00:00.258475 
00:00:00.258475 [/Devices/ahci/0/LUN#999/Config/] (level 5)
00:00:00.258476   DeviceInstance        <string>  = "ahci/0" (cb=7)
00:00:00.258477   First                 <integer> = 0x0000000000000000 (0)
00:00:00.258478   Last                  <integer> = 0x000000000000001d (29)
00:00:00.258479   pConsole              <integer> = 0x00007f41f80013e0 (139 921 310 356 448)
00:00:00.258480   papLeds               <integer> = 0x00007f41f80017d0 (139 921 310 357 456)
00:00:00.258481   pmapMediumAttachments <integer> = 0x00007f41f8001bf0 (139 921 310 358 512)
00:00:00.258482 
00:00:00.258483 [/Devices/apic/] (level 2)
00:00:00.258484 
00:00:00.258484 [/Devices/apic/0/] (level 3)
00:00:00.258485   Trusted <integer> = 0x0000000000000001 (1)
00:00:00.258486 
00:00:00.258486 [/Devices/apic/0/Config/] (level 4)
00:00:00.258487   IOAPIC  <integer> = 0x0000000000000001 (1)
00:00:00.258487   Mode    <integer> = 0x0000000000000002 (2)
00:00:00.258488   NumCPUs <integer> = 0x0000000000000001 (1)
00:00:00.258489 
00:00:00.258489 [/Devices/e1000/] (level 2)
00:00:00.258490 
00:00:00.258490 [/Devices/e1000/0/] (level 3)
00:00:00.258491   PCIBusNo      <integer> = 0x0000000000000000 (0)
00:00:00.258492   PCIDeviceNo   <integer> = 0x0000000000000003 (3)
00:00:00.258492   PCIFunctionNo <integer> = 0x0000000000000000 (0)
00:00:00.258493   Trusted       <integer> = 0x0000000000000001 (1)
00:00:00.258494 
00:00:00.258494 [/Devices/e1000/0/Config/] (level 4)
00:00:00.258495   AdapterType    <integer> = 0x0000000000000000 (0)
00:00:00.258495   CableConnected <integer> = 0x0000000000000001 (1)
00:00:00.258496   LineSpeed      <integer> = 0x0000000000000000 (0)
00:00:00.258497   MAC            <bytes>   = "08 00 27 e0 88 cb" (cb=6)
00:00:00.258498 
00:00:00.258499 [/Devices/e1000/0/LUN#0/] (level 4)
00:00:00.258499   Driver <string>  = "NAT" (cb=4)
00:00:00.258500 
00:00:00.258500 [/Devices/e1000/0/LUN#0/Config/] (level 5)
00:00:00.258501   AliasMode       <integer> = 0x0000000000000000 (0)
00:00:00.258502   BootFile        <string>  = "ServerDocker.pxe" (cb=17)
00:00:00.258503   DNSProxy        <integer> = 0x0000000000000001 (1)
00:00:00.258504   Network         <string>  = "10.0.2.0/24" (cb=12)
00:00:00.258504   PassDomain      <integer> = 0x0000000000000001 (1)
00:00:00.258505   TFTPPrefix      <string>  = "/home/rohe/.config/VirtualBox/TFTP" (cb=35)
00:00:00.258506   UseHostResolver <integer> = 0x0000000000000000 (0)
00:00:00.258506 
00:00:00.258506 [/Devices/e1000/0/LUN#0/Config/PortForwarding/] (level 6)
00:00:00.258509 
00:00:00.258509 [/Devices/e1000/0/LUN#0/Config/PortForwarding/0/] (level 7)
00:00:00.258511   BindIP    <string>  = "127.0.0.1" (cb=10)
00:00:00.258512   GuestPort <integer> = 0x0000000000000016 (22)
00:00:00.258513   HostPort  <integer> = 0x000000000000960f (38 415)
00:00:00.258514   Name      <string>  = "ssh" (cb=4)
00:00:00.258515   Protocol  <string>  = "TCP" (cb=4)
00:00:00.258516 
00:00:00.258516 [/Devices/e1000/0/LUN#999/] (level 4)
00:00:00.258517   Driver <string>  = "MainStatus" (cb=11)
00:00:00.258518 
00:00:00.258518 [/Devices/e1000/0/LUN#999/Config/] (level 5)
00:00:00.258520   First   <integer> = 0x0000000000000000 (0)
00:00:00.258521   Last    <integer> = 0x0000000000000000 (0)
00:00:00.258522   papLeds <integer> = 0x00007f41f8001ab0 (139 921 310 358 192)
00:00:00.258523 
00:00:00.258523 [/Devices/e1000/1/] (level 3)
00:00:00.258524   PCIBusNo      <integer> = 0x0000000000000000 (0)
00:00:00.258525   PCIDeviceNo   <integer> = 0x0000000000000008 (8)
00:00:00.258526   PCIFunctionNo <integer> = 0x0000000000000000 (0)
00:00:00.258527   Trusted       <integer> = 0x0000000000000001 (1)
00:00:00.258528 
00:00:00.258528 [/Devices/e1000/1/Config/] (level 4)
00:00:00.258530   AdapterType    <integer> = 0x0000000000000000 (0)
00:00:00.258531   CableConnected <integer> = 0x0000000000000001 (1)
00:00:00.258532   LineSpeed      <integer> = 0x0000000000000000 (0)
00:00:00.258533   MAC            <bytes>   = "08 00 27 b3 28 0b" (cb=6)
00:00:00.258535 
00:00:00.258535 [/Devices/e1000/1/LUN#0/] (level 4)
00:00:00.258537   Driver <string>  = "IntNet" (cb=7)
00:00:00.258538 
00:00:00.258538 [/Devices/e1000/1/LUN#0/Config/] (level 5)
00:00:00.258540   IfPolicyPromisc <string>  = "deny" (cb=5)
00:00:00.258541   Network         <string>  = "HostInterfaceNetworking-vboxnet0" (cb=33)
00:00:00.258542   Trunk           <string>  = "vboxnet0" (cb=9)
00:00:00.258542   TrunkType       <integer> = 0x0000000000000003 (3)
00:00:00.258543 
00:00:00.258544 [/Devices/e1000/1/LUN#999/] (level 4)
00:00:00.258545   Driver <string>  = "MainStatus" (cb=11)
00:00:00.258546 
00:00:00.258546 [/Devices/e1000/1/LUN#999/Config/] (level 5)
00:00:00.258548   First   <integer> = 0x0000000000000000 (0)
00:00:00.258548   Last    <integer> = 0x0000000000000000 (0)
00:00:00.258549   papLeds <integer> = 0x00007f41f8001ab8 (139 921 310 358 200)
00:00:00.258550 
00:00:00.258551 [/Devices/hpet/] (level 2)
00:00:00.258552 
00:00:00.258552 [/Devices/hpet/0/] (level 3)
00:00:00.258554   Trusted <integer> = 0x0000000000000001 (1)
00:00:00.258554 
00:00:00.258555 [/Devices/hpet/0/Config/] (level 4)
00:00:00.258556   ICH9 <integer> = 0x0000000000000000 (0)
00:00:00.258557 
00:00:00.258557 [/Devices/i8254/] (level 2)
00:00:00.258559 
00:00:00.258559 [/Devices/i8254/0/] (level 3)
00:00:00.258560 
00:00:00.258561 [/Devices/i8254/0/Config/] (level 4)
00:00:00.258562 
00:00:00.258563 [/Devices/i8259/] (level 2)
00:00:00.258564 
00:00:00.258564 [/Devices/i8259/0/] (level 3)
00:00:00.258565   Trusted <integer> = 0x0000000000000001 (1)
00:00:00.258566 
00:00:00.258567 [/Devices/i8259/0/Config/] (level 4)
00:00:00.258568 
00:00:00.258568 [/Devices/ichac97/] (level 2)
00:00:00.258569 
00:00:00.258570 [/Devices/ichac97/0/] (level 3)
00:00:00.258571   PCIBusNo      <integer> = 0x0000000000000000 (0)
00:00:00.258572   PCIDeviceNo   <integer> = 0x0000000000000005 (5)
00:00:00.258573   PCIFunctionNo <integer> = 0x0000000000000000 (0)
00:00:00.258574   Trusted       <integer> = 0x0000000000000001 (1)
00:00:00.258575 
00:00:00.258575 [/Devices/ichac97/0/AudioConfig/] (level 4)
00:00:00.258577 
00:00:00.258577 [/Devices/ichac97/0/Config/] (level 4)
00:00:00.258579   Codec <string>  = "STAC9700" (cb=9)
00:00:00.258579 
00:00:00.258580 [/Devices/ichac97/0/LUN#0/] (level 4)
00:00:00.258581   Driver <string>  = "AUDIO" (cb=6)
00:00:00.258582 
00:00:00.258582 [/Devices/ichac97/0/LUN#0/AttachedDriver/] (level 5)
00:00:00.258584   Driver <string>  = "PulseAudio" (cb=11)
00:00:00.258584 
00:00:00.258585 [/Devices/ichac97/0/LUN#0/AttachedDriver/Config/] (level 6)
00:00:00.258587   StreamName <string>  = "ServerDocker" (cb=13)
00:00:00.258588 
00:00:00.258588 [/Devices/ichac97/0/LUN#0/Config/] (level 5)
00:00:00.258590   DebugEnabled  <integer> = 0x0000000000000000 (0)
00:00:00.258590   DebugPathOut  <string>  = "" (cb=1)
00:00:00.258591   DriverName    <string>  = "PulseAudio" (cb=11)
00:00:00.258592   InputEnabled  <integer> = 0x0000000000000000 (0)
00:00:00.258593   OutputEnabled <integer> = 0x0000000000000000 (0)
00:00:00.258594 
00:00:00.258594 [/Devices/ichac97/0/LUN#1/] (level 4)
00:00:00.258596   Driver <string>  = "AUDIO" (cb=6)
00:00:00.258597 
00:00:00.258597 [/Devices/ichac97/0/LUN#1/AttachedDriver/] (level 5)
00:00:00.258599   Driver <string>  = "AudioVRDE" (cb=10)
00:00:00.258600 
00:00:00.258600 [/Devices/ichac97/0/LUN#1/AttachedDriver/Config/] (level 6)
00:00:00.258602   Object           <integer> = 0x00007f41f8006420 (139 921 310 376 992)
00:00:00.258604   ObjectVRDPServer <integer> = 0x00007f41f8006930 (139 921 310 378 288)
00:00:00.258606   StreamName       <string>  = "ServerDocker" (cb=13)
00:00:00.258606 
00:00:00.258607 [/Devices/ichac97/0/LUN#1/Config/] (level 5)
00:00:00.258608   DebugEnabled  <integer> = 0x0000000000000000 (0)
00:00:00.258609   DebugPathOut  <string>  = "" (cb=1)
00:00:00.258610   DriverName    <string>  = "AudioVRDE" (cb=10)
00:00:00.258610   InputEnabled  <integer> = 0x0000000000000000 (0)
00:00:00.258611   OutputEnabled <integer> = 0x0000000000000000 (0)
00:00:00.258612 
00:00:00.258612 [/Devices/ioapic/] (level 2)
00:00:00.258614 
00:00:00.258614 [/Devices/ioapic/0/] (level 3)
00:00:00.258615   Trusted <integer> = 0x0000000000000001 (1)
00:00:00.258616 
00:00:00.258616 [/Devices/ioapic/0/Config/] (level 4)
00:00:00.258618   NumCPUs <integer> = 0x0000000000000001 (1)
00:00:00.258618 
00:00:00.258619 [/Devices/mc146818/] (level 2)
00:00:00.258620 
00:00:00.258620 [/Devices/mc146818/0/] (level 3)
00:00:00.258621 
00:00:00.258622 [/Devices/mc146818/0/Config/] (level 4)
00:00:00.258623   UseUTC <integer> = 0x0000000000000001 (1)
00:00:00.258624 
00:00:00.258624 [/Devices/parallel/] (level 2)
00:00:00.258625 
00:00:00.258626 [/Devices/pcarch/] (level 2)
00:00:00.258627 
00:00:00.258627 [/Devices/pcarch/0/] (level 3)
00:00:00.258628   Trusted <integer> = 0x0000000000000001 (1)
00:00:00.258629 
00:00:00.258629 [/Devices/pcarch/0/Config/] (level 4)
00:00:00.258631 
00:00:00.258631 [/Devices/pcbios/] (level 2)
00:00:00.258632 
00:00:00.258633 [/Devices/pcbios/0/] (level 3)
00:00:00.258634   Trusted <integer> = 0x0000000000000001 (1)
00:00:00.258635 
00:00:00.258635 [/Devices/pcbios/0/Config/] (level 4)
00:00:00.258637   APIC               <integer> = 0x0000000000000001 (1)
00:00:00.258638   BootDevice0        <string>  = "DVD" (cb=4)
00:00:00.258639   BootDevice1        <string>  = "DVD" (cb=4)
00:00:00.258640   BootDevice2        <string>  = "IDE" (cb=4)
00:00:00.258641   BootDevice3        <string>  = "NONE" (cb=5)
00:00:00.258642   FloppyDevice       <string>  = "i82078" (cb=7)
00:00:00.258642   HardDiskDevice     <string>  = "piix3ide" (cb=9)
00:00:00.258643   IOAPIC             <integer> = 0x0000000000000001 (1)
00:00:00.258644   McfgBase           <integer> = 0x0000000000000000 (0)
00:00:00.258645   McfgLength         <integer> = 0x0000000000000000 (0)
00:00:00.258646   NumCPUs            <integer> = 0x0000000000000001 (1)
00:00:00.258647   PXEDebug           <integer> = 0x0000000000000000 (0)
00:00:00.258648   SataHardDiskDevice <string>  = "ahci" (cb=5)
00:00:00.258649   SataLUN1           <integer> = 0x0000000000000001 (1)
00:00:00.258650   UUID               <bytes>   = "99 b1 4c 4b 8b cc 94 44 ab 82 46 e6 99 52 3c 19" (cb=16)
00:00:00.258653 
00:00:00.258653 [/Devices/pcbios/0/Config/NetBoot/] (level 5)
00:00:00.258655 
00:00:00.258655 [/Devices/pcbios/0/Config/NetBoot/0/] (level 6)
00:00:00.258657   NIC           <integer> = 0x0000000000000000 (0)
00:00:00.258657   PCIBusNo      <integer> = 0x0000000000000000 (0)
00:00:00.258658   PCIDeviceNo   <integer> = 0x0000000000000003 (3)
00:00:00.258659   PCIFunctionNo <integer> = 0x0000000000000000 (0)
00:00:00.258660 
00:00:00.258660 [/Devices/pci/] (level 2)
00:00:00.258661 
00:00:00.258662 [/Devices/pci/0/] (level 3)
00:00:00.258663   Trusted <integer> = 0x0000000000000001 (1)
00:00:00.258664 
00:00:00.258664 [/Devices/pci/0/Config/] (level 4)
00:00:00.258665   IOAPIC <integer> = 0x0000000000000001 (1)
00:00:00.258666 
00:00:00.258667 [/Devices/pcibridge/] (level 2)
00:00:00.258668 
00:00:00.258668 [/Devices/pckbd/] (level 2)
00:00:00.258669 
00:00:00.258670 [/Devices/pckbd/0/] (level 3)
00:00:00.258671   Trusted <integer> = 0x0000000000000001 (1)
00:00:00.258672 
00:00:00.258672 [/Devices/pckbd/0/Config/] (level 4)
00:00:00.258674 
00:00:00.258674 [/Devices/pckbd/0/LUN#0/] (level 4)
00:00:00.258675   Driver <string>  = "KeyboardQueue" (cb=14)
00:00:00.258676 
00:00:00.258676 [/Devices/pckbd/0/LUN#0/AttachedDriver/] (level 5)
00:00:00.258677   Driver <string>  = "MainKeyboard" (cb=13)
00:00:00.258678 
00:00:00.258678 [/Devices/pckbd/0/LUN#0/AttachedDriver/Config/] (level 6)
00:00:00.258679   Object <integer> = 0x000055fcb8b7e100 (94 543 919 177 984)
00:00:00.258680 
00:00:00.258681 [/Devices/pckbd/0/LUN#0/Config/] (level 5)
00:00:00.258682   QueueSize <integer> = 0x0000000000000040 (64)
00:00:00.258683 
00:00:00.258683 [/Devices/pckbd/0/LUN#1/] (level 4)
00:00:00.258684   Driver <string>  = "MouseQueue" (cb=11)
00:00:00.258684 
00:00:00.258685 [/Devices/pckbd/0/LUN#1/AttachedDriver/] (level 5)
00:00:00.258686   Driver <string>  = "MainMouse" (cb=10)
00:00:00.258686 
00:00:00.258687 [/Devices/pckbd/0/LUN#1/AttachedDriver/Config/] (level 6)
00:00:00.258688   Object <integer> = 0x00007f41f800dee0 (139 921 310 408 416)
00:00:00.258689 
00:00:00.258689 [/Devices/pckbd/0/LUN#1/Config/] (level 5)
00:00:00.258690   QueueSize <integer> = 0x0000000000000080 (128)
00:00:00.258691 
00:00:00.258692 [/Devices/pcnet/] (level 2)
00:00:00.258692 
00:00:00.258693 [/Devices/serial/] (level 2)
00:00:00.258693 
00:00:00.258694 [/Devices/vga/] (level 2)
00:00:00.258695 
00:00:00.258695 [/Devices/vga/0/] (level 3)
00:00:00.258696   PCIBusNo      <integer> = 0x0000000000000000 (0)
00:00:00.258697   PCIDeviceNo   <integer> = 0x0000000000000002 (2)
00:00:00.258697   PCIFunctionNo <integer> = 0x0000000000000000 (0)
00:00:00.258698   Trusted       <integer> = 0x0000000000000001 (1)
00:00:00.258699 
00:00:00.258699 [/Devices/vga/0/Config/] (level 4)
00:00:00.258700   CustomVideoModes <integer> = 0x0000000000000000 (0)
00:00:00.258701   FadeIn           <integer> = 0x0000000000000000 (0)
00:00:00.258701   FadeOut          <integer> = 0x0000000000000000 (0)
00:00:00.258702   HeightReduction  <integer> = 0x0000000000000000 (0)
00:00:00.258703   LogoFile         <string>  = "" (cb=1)
00:00:00.258703   LogoTime         <integer> = 0x0000000000000000 (0)
00:00:00.258704   MonitorCount     <integer> = 0x0000000000000001 (1)
00:00:00.258705   ShowBootMenu     <integer> = 0x0000000000000000 (0)
00:00:00.258705   VRamSize         <integer> = 0x0000000000800000 (8 388 608, 8 MB)
00:00:00.258707 
00:00:00.258707 [/Devices/vga/0/LUN#0/] (level 4)
00:00:00.258708   Driver <string>  = "MainDisplay" (cb=12)
00:00:00.258709 
00:00:00.258709 [/Devices/vga/0/LUN#0/Config/] (level 5)
00:00:00.258710   Object <integer> = 0x00007f41f8002920 (139 921 310 361 888)
00:00:00.258711 
00:00:00.258712 [/Devices/vga/0/LUN#999/] (level 4)
00:00:00.258712   Driver <string>  = "MainStatus" (cb=11)
00:00:00.258713 
00:00:00.258713 [/Devices/vga/0/LUN#999/Config/] (level 5)
00:00:00.258714   First   <integer> = 0x0000000000000000 (0)
00:00:00.258715   Last    <integer> = 0x0000000000000000 (0)
00:00:00.258716   papLeds <integer> = 0x00007f41f8001be8 (139 921 310 358 504)
00:00:00.258717 
00:00:00.258717 [/Devices/virtio-net/] (level 2)
00:00:00.258718 
00:00:00.258718 [/EM/] (level 1)
00:00:00.258719   TripleFaultReset <integer> = 0x0000000000000000 (0)
00:00:00.258720 
00:00:00.258720 [/GIM/] (level 1)
00:00:00.258721   Provider <string>  = "KVM" (cb=4)
00:00:00.258722 
00:00:00.258722 [/HM/] (level 1)
00:00:00.258723   64bitEnabled       <integer> = 0x0000000000000001 (1)
00:00:00.258724   EnableLargePages   <integer> = 0x0000000000000001 (1)
00:00:00.258724   EnableNestedPaging <integer> = 0x0000000000000001 (1)
00:00:00.258725   EnableUX           <integer> = 0x0000000000000001 (1)
00:00:00.258726   EnableVPID         <integer> = 0x0000000000000001 (1)
00:00:00.258726   Exclusive          <integer> = 0x0000000000000001 (1)
00:00:00.258727   HMForced           <integer> = 0x0000000000000001 (1)
00:00:00.258728   IBPBOnVMEntry      <integer> = 0x0000000000000000 (0)
00:00:00.258728   IBPBOnVMExit       <integer> = 0x0000000000000000 (0)
00:00:00.258729   SpecCtrlByHost     <integer> = 0x0000000000000000 (0)
00:00:00.258730 
00:00:00.258730 [/MM/] (level 1)
00:00:00.258731   CanUseLargerHeap <integer> = 0x0000000000000000 (0)
00:00:00.258731 
00:00:00.258732 [/PDM/] (level 1)
00:00:00.258732 
00:00:00.258733 [/PDM/AsyncCompletion/] (level 2)
00:00:00.258733 
00:00:00.258734 [/PDM/AsyncCompletion/File/] (level 3)
00:00:00.258735 
00:00:00.258735 [/PDM/AsyncCompletion/File/BwGroups/] (level 4)
00:00:00.258736 
00:00:00.258736 [/PDM/BlkCache/] (level 2)
00:00:00.258737   CacheSize <integer> = 0x0000000000500000 (5 242 880, 5 MB)
00:00:00.258738 
00:00:00.258738 [/PDM/Devices/] (level 2)
00:00:00.258739 
00:00:00.258740 [/PDM/Drivers/] (level 2)
00:00:00.258740 
00:00:00.258741 [/PDM/Drivers/VBoxC/] (level 3)
00:00:00.258741   Path <string>  = "/usr/lib/virtualbox/components/VBoxC" (cb=37)
00:00:00.258742 
00:00:00.258742 [/PDM/NetworkShaper/] (level 2)
00:00:00.258743 
00:00:00.258744 [/PDM/NetworkShaper/BwGroups/] (level 3)
00:00:00.258744 
00:00:00.258745 [/TM/] (level 1)
00:00:00.258745   UTCOffset <integer> = 0x0000000000000000 (0)
00:00:00.258746 
00:00:00.258747 ********************* End of CFGM dump **********************
00:00:00.258754 VM: fHMEnabled=true  (configured) fRecompileUser=false fRecompileSupervisor=false
00:00:00.258756 VM: fRawRing1Enabled=false CSAM=true  PATM=true 
00:00:00.258837 HM: HMR3Init: VT-x w/ nested paging and unrestricted guest execution hw support
00:00:00.258860 MM: cbHyperHeap=0x100000 (1048576)
00:00:00.259426 CPUM: fXStateHostMask=0x7; initial: 0x7; host XCR0=0x1f
00:00:00.260292 CPUM: Matched host CPU INTEL 0x6/0x4e/0x3 Intel_Core7_Skylake with CPU DB entry 'Intel Core i7-6700K' (INTEL 0x6/0x5e/0x3 Intel_Core7_Skylake)
00:00:00.260396 CPUM: MXCSR_MASK=0xffff (host: 0xffff)
00:00:00.260431 CPUM: Microcode revision 0x000000C2
00:00:00.260438 CPUM: Changing leaf 13[0]: EBX=0x440 -> 0x340, ECX=0x440 -> 0x340
00:00:00.260456 CPUM: SetGuestCpuIdFeature: Enabled PAE
00:00:00.260684 PGM: HCPhysInterPD=000000004be95000 HCPhysInterPaePDPT=0000000013c64000 HCPhysInterPaePML4=000000004bfc9000
00:00:00.260689 PGM: apInterPTs={000000004bf98000,000000004bf9a000} apInterPaePTs={0000000273cb6000,0000000273cb7000} apInterPaePDs={0000000271d08000,0000000271d09000,0000000271d0a000,0000000271d0b000} pInterPaePDPT64=00000000439b6000
00:00:00.260694 PGM: Host paging mode: AMD64+PGE+NX
00:00:00.260699 PGM: PGMPool: cMaxPages=560 (u64MaxPages=545)
00:00:00.260701 PGM: pgmR3PoolInit: cMaxPages=0x230 cMaxUsers=0x460 cMaxPhysExts=0x460 fCacheEnable=true 
00:00:00.266017 TM: GIP - u32Mode=3 (Invariant) u32UpdateHz=83 u32UpdateIntervalNS=12000000 enmUseTscDelta=2 (Pratically Zero) fGetGipCpu=0xb cCpus=4
00:00:00.266033 TM: GIP - u64CpuHz=2 591 950 014 (0x9a7e04be)  SUPGetCpuHzFromGip => 2 591 950 014
00:00:00.266038 TM: GIP - CPU: iCpuSet=0x0 idCpu=0x0 idApic=0x0 iGipCpu=0x1 i64TSCDelta=0 enmState=3 u64CpuHz=2591924354(*) cErrors=0
00:00:00.266042 TM: GIP - CPU: iCpuSet=0x1 idCpu=0x1 idApic=0x2 iGipCpu=0x3 i64TSCDelta=0 enmState=3 u64CpuHz=2591950014(*) cErrors=0
00:00:00.266045 TM: GIP - CPU: iCpuSet=0x2 idCpu=0x2 idApic=0x1 iGipCpu=0x2 i64TSCDelta=0 enmState=3 u64CpuHz=2591950014(*) cErrors=0
00:00:00.266047 TM: GIP - CPU: iCpuSet=0x3 idCpu=0x3 idApic=0x3 iGipCpu=0x0 i64TSCDelta=0 enmState=3 u64CpuHz=2591950014(*) cErrors=0
00:00:00.266091 TM: cTSCTicksPerSecond=2 591 950 014 (0x9a7e04be) enmTSCMode=3 (Dynamic)
00:00:00.266093 TM: TSCTiedToExecution=false TSCNotTiedToHalt=false
00:00:00.268484 VMM: CoreCode: R3=00007f4212c9e000 R0=XXXXXXXXXXXXXXXX RC=a055b000 Phys=0000000015869000 cb=0x1000
00:00:00.268582 IEM: TargetCpu=CURRENT, Microarch=Intel_Core7_Skylake
00:00:00.268622 GIM: Using provider 'KVM' (Implementation version: 0)
00:00:00.268626 CPUM: SetGuestCpuIdFeature: Enabled Hypervisor Present bit
00:00:00.348423 AIOMgr: Default manager type is 'Async'
00:00:00.348439 AIOMgr: Default file backend is 'NonBuffered'
00:00:00.348631 BlkCache: Cache successfully initialized. Cache size is 5242880 bytes
00:00:00.348637 BlkCache: Cache commit interval is 10000 ms
00:00:00.348639 BlkCache: Cache commit threshold is 2621440 bytes
00:00:00.380305 PcBios: [SMP] BIOS with 1 CPUs
00:00:00.380388 PcBios: Using the 386+ BIOS image.
00:00:00.380483 PcBios: MPS table at 000e1300
00:00:00.380843 PcBios: fCheckShutdownStatusForSoftReset=true   fClearShutdownStatusOnHardReset=true 
00:00:00.386528 SUP: Loaded VBoxDDR0.r0 (/usr/lib/virtualbox/VBoxDDR0.r0) at 0xXXXXXXXXXXXXXXXX - ModuleInit at XXXXXXXXXXXXXXXX and ModuleTerm at XXXXXXXXXXXXXXXX
00:00:00.386663 CPUM: SetGuestCpuIdFeature: Enabled xAPIC
00:00:00.386870 IOAPIC: Using implementation 2.0!
00:00:00.386919 PIT: mode=3 count=0x10000 (65536) - 18.20 Hz (ch=0)
00:00:00.388563 Shared Folders service loaded
00:00:00.400256 VGA: Using the 386+ BIOS image.
00:00:00.400488 DrvVD: Flushes will be ignored
00:00:00.400494 DrvVD: Async flushes will be passed to the disk
00:00:00.402538 VD: VDInit finished with VINF_SUCCESS
00:00:00.402570 VD: Opening the disk took 140747 ns
00:00:00.402605 AHCI: LUN#0: CD/DVD
00:00:00.402692 DrvVD: Flushes will be ignored
00:00:00.402697 DrvVD: Async flushes will be passed to the disk
00:00:00.552606 VD: Opening the disk took 147909727 ns
00:00:00.552656 AHCI: LUN#1: disk, PCHS=16383/16/63, total number of sectors 40960000
00:00:00.552747 AHCI: Port2: No driver attached
00:00:00.552758 AHCI: Port3: No driver attached
00:00:00.552762 AHCI: Port4: No driver attached
00:00:00.552766 AHCI: Port5: No driver attached
00:00:00.552769 AHCI: Port6: No driver attached
00:00:00.552773 AHCI: Port7: No driver attached
00:00:00.552777 AHCI: Port8: No driver attached
00:00:00.552780 AHCI: Port9: No driver attached
00:00:00.552783 AHCI: Port10: No driver attached
00:00:00.552787 AHCI: Port11: No driver attached
00:00:00.552790 AHCI: Port12: No driver attached
00:00:00.552793 AHCI: Port13: No driver attached
00:00:00.552796 AHCI: Port14: No driver attached
00:00:00.552799 AHCI: Port15: No driver attached
00:00:00.552803 AHCI: Port16: No driver attached
00:00:00.552807 AHCI: Port17: No driver attached
00:00:00.552810 AHCI: Port18: No driver attached
00:00:00.552813 AHCI: Port19: No driver attached
00:00:00.552816 AHCI: Port20: No driver attached
00:00:00.552819 AHCI: Port21: No driver attached
00:00:00.552822 AHCI: Port22: No driver attached
00:00:00.552825 AHCI: Port23: No driver attached
00:00:00.552829 AHCI: Port24: No driver attached
00:00:00.552832 AHCI: Port25: No driver attached
00:00:00.552835 AHCI: Port26: No driver attached
00:00:00.552839 AHCI: Port27: No driver attached
00:00:00.552842 AHCI: Port28: No driver attached
00:00:00.552845 AHCI: Port29: No driver attached
00:00:00.552869 AHCI#0: Reset the HBA
00:00:00.552873 VD#1: Cancelling all active requests
00:00:00.552911 E1000#0 Chip=82540EM LinkUpDelay=3000ms EthernetCRC=on GSO=enabled Itr=disabled ItrRx=enabled TID=disabled R0=enabled GC=enabled
00:00:00.559226 NAT: Guest address guess set to 10.0.2.15 by initialization
00:00:00.559293 NAT: resolv.conf: nameserver 127.0.0.53
00:00:00.559312 NAT: DNS server 127.0.0.53 registration detected, switching to the DNS proxy
00:00:00.559316 NAT: DNS#0: 127.0.0.53
00:00:00.559347 NAT: Set redirect TCP 127.0.0.1:38415 -> 0.0.0.0:22
00:00:00.559631 E1000#1 Chip=82540EM LinkUpDelay=3000ms EthernetCRC=on GSO=enabled Itr=disabled ItrRx=enabled TID=disabled R0=enabled GC=enabled
00:00:00.559716 IntNet#0: szNetwork={HostInterfaceNetworking-vboxnet0} enmTrunkType=3 szTrunk={vboxnet0} fFlags=0x8000 cbRecv=325632 cbSend=196608 fIgnoreConnectFailure=false
00:00:00.560185 Audio: Initializing PulseAudio driver
00:00:00.736649 Audio: Initializing VRDE driver
00:00:00.736674 AC97: Reset
00:00:00.737017 PGM: The CPU physical address width is 39 bits
00:00:00.737025 PGM: PGMR3InitFinalize: 4 MB PSE mask 0000007fffffffff
00:00:00.737057 TM: TMR3InitFinalize: fTSCModeSwitchAllowed=true 
00:00:00.741000 VMM: Enabled thread-context hooks
00:00:00.741018 HM: fWorldSwitcher=0x0 (fIbpbOnVmExit=0 fIbpbOnVmEntry=0)
00:00:00.741022 HM: Using VT-x implementation 2.0
00:00:00.741023 HM: Host CR4                        = 0x3606f0
00:00:00.741024 HM: Host EFER                       = 0xd01
00:00:00.741025 HM: MSR_IA32_SMM_MONITOR_CTL        = 0x0
00:00:00.741026 HM: MSR_IA32_FEATURE_CONTROL        = 0x5
00:00:00.741027 HM: MSR_IA32_VMX_BASIC_INFO         = 0xda040000000004
00:00:00.741029 HM:   VMCS id                         = 0x4
00:00:00.741029 HM:   VMCS size                       = 1024 bytes
00:00:00.741030 HM:   VMCS physical address limit     = None
00:00:00.741031 HM:   VMCS memory type                = 0x6
00:00:00.741032 HM:   Dual-monitor treatment support  = true 
00:00:00.741033 HM:   OUTS & INS instruction-info     = false
00:00:00.741034 HM:   Supports true capability MSRs   = false
00:00:00.741035 HM: Max resume loops                = 8192
00:00:00.741036 HM: MSR_IA32_VMX_PINBASED_CTLS      = 0x7f00000016
00:00:00.741037 HM:   EXT_INT_EXIT
00:00:00.741037 HM:   NMI_EXIT
00:00:00.741038 HM:   VIRTUAL_NMI
00:00:00.741039 HM:   PREEMPT_TIMER
00:00:00.741039 HM:   POSTED_INTR (must be cleared)
00:00:00.741040 HM: MSR_IA32_VMX_PROCBASED_CTLS     = 0xfff9fffe0401e172
00:00:00.741041 HM:   INT_WINDOW_EXIT
00:00:00.741042 HM:   USE_TSC_OFFSETTING
00:00:00.741042 HM:   HLT_EXIT
00:00:00.741043 HM:   INVLPG_EXIT
00:00:00.741043 HM:   MWAIT_EXIT
00:00:00.741044 HM:   RDPMC_EXIT
00:00:00.741045 HM:   RDTSC_EXIT
00:00:00.741045 HM:   CR3_LOAD_EXIT (must be set)
00:00:00.741046 HM:   CR3_STORE_EXIT (must be set)
00:00:00.741046 HM:   CR8_LOAD_EXIT
00:00:00.741047 HM:   CR8_STORE_EXIT
00:00:00.741047 HM:   USE_TPR_SHADOW
00:00:00.741048 HM:   NMI_WINDOW_EXIT
00:00:00.741049 HM:   MOV_DR_EXIT
00:00:00.741049 HM:   UNCOND_IO_EXIT
00:00:00.741050 HM:   USE_IO_BITMAPS
00:00:00.741050 HM:   MONITOR_TRAP_FLAG
00:00:00.741051 HM:   USE_MSR_BITMAPS
00:00:00.741051 HM:   MONITOR_EXIT
00:00:00.741052 HM:   PAUSE_EXIT
00:00:00.741052 HM:   USE_SECONDARY_EXEC_CTRL
00:00:00.741053 HM: MSR_IA32_VMX_PROCBASED_CTLS2    = 0x1fbcff00000000
00:00:00.741054 HM:   VIRT_APIC
00:00:00.741055 HM:   EPT
00:00:00.741056 HM:   DESCRIPTOR_TABLE_EXIT
00:00:00.741056 HM:   RDTSCP
00:00:00.741057 HM:   VIRT_X2APIC
00:00:00.741057 HM:   VPID
00:00:00.741058 HM:   WBINVD_EXIT
00:00:00.741058 HM:   UNRESTRICTED_GUEST
00:00:00.741059 HM:   APIC_REG_VIRT (must be cleared)
00:00:00.741060 HM:   VIRT_INTR_DELIVERY (must be cleared)
00:00:00.741060 HM:   PAUSE_LOOP_EXIT
00:00:00.741061 HM:   RDRAND_EXIT
00:00:00.741061 HM:   INVPCID
00:00:00.741062 HM:   VMFUNC
00:00:00.741062 HM:   VMCS_SHADOWING (must be cleared)
00:00:00.741063 HM:   ENCLS_EXIT
00:00:00.741064 HM:   RDSEED_EXIT
00:00:00.741064 HM:   PML
00:00:00.741065 HM:   EPT_VE
00:00:00.741066 HM:   CONCEAL_FROM_PT
00:00:00.741066 HM:   XSAVES_XRSTORS
00:00:00.741067 HM:   TSC_SCALING (must be cleared)
00:00:00.741067 HM: MSR_IA32_VMX_ENTRY_CTLS         = 0x3ffff000011ff
00:00:00.741068 HM:   LOAD_DEBUG (must be set)
00:00:00.741069 HM:   IA32E_MODE_GUEST
00:00:00.741069 HM:   ENTRY_SMM
00:00:00.741070 HM:   DEACTIVATE_DUALMON
00:00:00.741071 HM:   LOAD_GUEST_PERF_MSR
00:00:00.741071 HM:   LOAD_GUEST_PAT_MSR
00:00:00.741072 HM:   LOAD_GUEST_EFER_MSR
00:00:00.741072 HM: MSR_IA32_VMX_EXIT_CTLS          = 0x1ffffff00036dff
00:00:00.741074 HM:   SAVE_DEBUG (must be set)
00:00:00.741074 HM:   HOST_ADDR_SPACE_SIZE
00:00:00.741075 HM:   LOAD_PERF_MSR
00:00:00.741075 HM:   ACK_EXT_INT
00:00:00.741076 HM:   SAVE_GUEST_PAT_MSR
00:00:00.741076 HM:   LOAD_HOST_PAT_MSR
00:00:00.741077 HM:   SAVE_GUEST_EFER_MSR
00:00:00.741078 HM:   LOAD_HOST_EFER_MSR
00:00:00.741078 HM:   SAVE_VMX_PREEMPT_TIMER
00:00:00.741079 HM: MSR_IA32_VMX_EPT_VPID_CAP       = 0xf0106334141
00:00:00.741080 HM:   RWX_X_ONLY
00:00:00.741080 HM:   PAGE_WALK_LENGTH_4
00:00:00.741081 HM:   EMT_UC
00:00:00.741082 HM:   EMT_WB
00:00:00.741082 HM:   PDE_2M
00:00:00.741083 HM:   PDPTE_1G
00:00:00.741083 HM:   INVEPT
00:00:00.741084 HM:   EPT_ACCESS_DIRTY
00:00:00.741084 HM:   INVEPT_SINGLE_CONTEXT
00:00:00.741085 HM:   INVEPT_ALL_CONTEXTS
00:00:00.741086 HM:   INVVPID
00:00:00.741086 HM:   INVVPID_INDIV_ADDR
00:00:00.741087 HM:   INVVPID_SINGLE_CONTEXT
00:00:00.741087 HM:   INVVPID_ALL_CONTEXTS
00:00:00.741088 HM:   INVVPID_SINGLE_CONTEXT_RETAIN_GLOBALS
00:00:00.741088 HM: MSR_IA32_VMX_MISC               = 0x7004c1e7
00:00:00.741089 HM:   PREEMPT_TSC_BIT                 = 0x7
00:00:00.741090 HM:   STORE_EFERLMA_VMEXIT            = true 
00:00:00.741091 HM:   ACTIVITY_STATES                 = 0x7
00:00:00.741092 HM:   CR3_TARGET                      = 0x4
00:00:00.741093 HM:   MAX_MSR                         = 512
00:00:00.741093 HM:   RDMSR_SMBASE_MSR_SMM            = true 
00:00:00.741094 HM:   SMM_MONITOR_CTL_B2              = true 
00:00:00.741095 HM:   VMWRITE_VMEXIT_INFO             = true 
00:00:00.741096 HM:   MSEG_ID                         = 0x0
00:00:00.741097 HM: MSR_IA32_VMX_CR0_FIXED0         = 0x80000021
00:00:00.741098 HM: MSR_IA32_VMX_CR0_FIXED1         = 0xffffffff
00:00:00.741099 HM: MSR_IA32_VMX_CR4_FIXED0         = 0x2000
00:00:00.741100 HM: MSR_IA32_VMX_CR4_FIXED1         = 0x3727ff
00:00:00.741101 HM: MSR_IA32_VMX_VMCS_ENUM          = 0x2e
00:00:00.741102 HM:   HIGHEST_INDEX                   = 0x17
00:00:00.741102 HM: MSR_IA32_VMX_VMFUNC             = 0x1
00:00:00.741103 HM:   EPTP_SWITCHING
00:00:00.741104 HM: APIC-access page physaddr       = 0x0000000016b61000
00:00:00.741105 HM: VCPU  0: MSR bitmap physaddr    = 0x0000000016b51000
00:00:00.741106 HM: VCPU  0: VMCS physaddr          = 0x0000000016b50000
00:00:00.741108 HM: Guest support: 32-bit and 64-bit
00:00:00.741111 HM: Supports VMCS EFER fields       = true 
00:00:00.741112 HM: Enabled VMX
00:00:00.741115 CPUM: SetGuestCpuIdFeature: Enabled SYSENTER/EXIT
00:00:00.741116 CPUM: SetGuestCpuIdFeature: Enabled PAE
00:00:00.741116 CPUM: SetGuestCpuIdFeature: Enabled LONG MODE
00:00:00.741117 CPUM: SetGuestCpuIdFeature: Enabled SYSCALL/RET
00:00:00.741118 CPUM: SetGuestCpuIdFeature: Enabled LAHF/SAHF
00:00:00.741118 CPUM: SetGuestCpuIdFeature: Enabled NX
00:00:00.741119 HM: Enabled nested paging
00:00:00.741120 HM:   EPT flush type                = VMXFLUSHEPT_SINGLE_CONTEXT
00:00:00.741120 HM: Enabled unrestricted guest execution
00:00:00.741125 HM: Enabled large page support
00:00:00.741126 HM: Enabled VPID
00:00:00.741126 HM:   VPID flush type               = VMXFLUSHVPID_SINGLE_CONTEXT
00:00:00.741127 HM: Enabled VMX-preemption timer (cPreemptTimerShift=7)
00:00:00.741128 HM: VT-x/AMD-V init method: GLOBAL
00:00:00.741129 VMM: fUsePeriodicPreemptionTimers=false
00:00:00.741908 CPUM: Logical host processors: 4 present, 4 max, 4 online, online mask: 000000000000000f
00:00:00.741986 CPUM: Physical host cores: 2
00:00:00.741987 ************************* CPUID dump ************************
00:00:00.741997          Raw Standard CPUID Leaves
00:00:00.741998      Leaf/sub-leaf  eax      ebx      ecx      edx
00:00:00.741999 Gst: 00000000/0000  00000016 756e6547 6c65746e 49656e69
00:00:00.742002 Hst:                00000016 756e6547 6c65746e 49656e69
00:00:00.742004 Gst: 00000001/0000  000406e3 00000800 d6da220b 078bfbff
00:00:00.742006 Hst:                000406e3 01100800 7ffafbbf bfebfbff
00:00:00.742007 Gst: 00000002/0000  76036301 00f0b5ff 00000000 00c30000
00:00:00.742009 Hst:                76036301 00f0b5ff 00000000 00c30000
00:00:00.742011 Gst: 00000003/0000  00000000 00000000 00000000 00000000
00:00:00.742012 Hst:                00000000 00000000 00000000 00000000
00:00:00.742013 Gst: 00000004/0000  00000121 01c0003f 0000003f 00000000
00:00:00.742015 Hst:                1c004121 01c0003f 0000003f 00000000
00:00:00.742017 Gst: 00000004/0001  00000122 01c0003f 0000003f 00000000
00:00:00.742018 Hst:                1c004122 01c0003f 0000003f 00000000
00:00:00.742019 Gst: 00000004/0002  00000143 00c0003f 000003ff 00000000
00:00:00.742021 Hst:                1c004143 00c0003f 000003ff 00000000
00:00:00.742022 Gst: 00000004/0003  00000163 03c0003f 00000fff 00000006
00:00:00.742024 Hst:                1c03c163 03c0003f 00000fff 00000006
00:00:00.742025 Gst: 00000004/0004  00000000 00000000 00000000 00000000
00:00:00.742027 Hst:                00000000 00000000 00000000 00000000
00:00:00.742028 Gst: 00000005/0000  00000040 00000040 00000000 00000000
00:00:00.742029 Hst:                00000040 00000040 00000003 11142120
00:00:00.742031 Gst: 00000006/0000  00000000 00000000 00000000 00000000
00:00:00.742032 Hst:                000027f7 00000002 00000009 00000000
00:00:00.742033 Gst: 00000007/0000  00000000 00842421 00000000 00000000
00:00:00.742035 Hst:                00000000 029c67af 00000000 0c000000
00:00:00.742036 Gst: 00000007/0001  00000000 00000000 00000000 00000000
00:00:00.742037 Hst:                00000000 00000000 00000000 00000000
00:00:00.742039 Gst: 00000008/0000  00000000 00000000 00000000 00000000
00:00:00.742040 Hst:                00000000 00000000 00000000 00000000
00:00:00.742041 Gst: 00000009/0000  00000000 00000000 00000000 00000000
00:00:00.742042 Hst:                00000000 00000000 00000000 00000000
00:00:00.742043 Gst: 0000000a/0000  00000000 00000000 00000000 00000000
00:00:00.742044 Hst:                07300404 00000000 00000000 00000603
00:00:00.742046 Gst: 0000000b/0000  00000000 00000001 00000100 00000000
00:00:00.742047 Hst:                00000001 00000002 00000100 00000001
00:00:00.742048 Gst: 0000000b/0001  00000001 00000001 00000201 00000000
00:00:00.742049 Hst:                00000004 00000004 00000201 00000001
00:00:00.742051 Gst: 0000000b/0002  00000000 00000000 00000002 00000000
00:00:00.742052 Hst:                00000000 00000000 00000002 00000001
00:00:00.742053 Gst: 0000000c/0000  00000000 00000000 00000000 00000000
00:00:00.742054 Hst:                00000000 00000000 00000000 00000000
00:00:00.742056 Gst: 0000000d/0000  00000007 00000340 00000340 00000000
00:00:00.742057 Hst:                0000001f 00000440 00000440 00000000
00:00:00.742058 Gst: 0000000d/0001  00000000 000003c0 00000000 00000000
00:00:00.742059 Hst:                0000000f 000003c0 00000100 00000000
00:00:00.742061 Gst: 0000000d/0002  00000100 00000240 00000000 00000000
00:00:00.742062 Hst:                00000100 00000240 00000000 00000000
00:00:00.742063 Gst: 0000000d/0003  00000000 00000000 00000000 00000000
00:00:00.742064 Hst:                00000040 000003c0 00000000 00000000
00:00:00.742066 Gst: 0000000d/0004  00000000 00000000 00000000 00000000
00:00:00.742067 Hst:                00000040 00000400 00000000 00000000
00:00:00.742068 Gst: 0000000d/0005  00000000 00000000 00000000 00000000
00:00:00.742069 Hst:                00000000 00000000 00000000 00000000
00:00:00.742071 Gst: 0000000d/0006  00000000 00000000 00000000 00000000
00:00:00.742072 Hst:                00000000 00000000 00000000 00000000
00:00:00.742073 Gst: 0000000d/0007  00000000 00000000 00000000 00000000
00:00:00.742074 Hst:                00000000 00000000 00000000 00000000
00:00:00.742075 Gst: 0000000d/0008  00000000 00000000 00000000 00000000
00:00:00.742076 Hst:                00000080 00000000 00000001 00000000
00:00:00.742078 Gst: 0000000d/0009  00000000 00000000 00000000 00000000
00:00:00.742079 Hst:                00000000 00000000 00000000 00000000
00:00:00.742104 Gst: 0000000e/0000  00000000 00000000 00000000 00000000
00:00:00.742105 Hst:                00000000 00000000 00000000 00000000
00:00:00.742107 Gst: 0000000f/0000  00000000 00000000 00000000 00000000
00:00:00.742108 Hst:                00000000 00000000 00000000 00000000
00:00:00.742109 Gst: 00000010/0000  00000000 00000000 00000000 00000000
00:00:00.742110 Hst:                00000000 00000000 00000000 00000000
00:00:00.742111 Gst: 00000011/0000  00000000 00000000 00000000 00000000
00:00:00.742113 Hst:                00000000 00000000 00000000 00000000
00:00:00.742114 Gst: 00000012/0000  00000000 00000000 00000000 00000000
00:00:00.742115 Hst:                00000000 00000000 00000000 00000000
00:00:00.742116 Gst: 00000013/0000  00000000 00000000 00000000 00000000
00:00:00.742118 Hst:                00000000 00000000 00000000 00000000
00:00:00.742119 Gst: 00000014/0000  00000000 00000000 00000000 00000000
00:00:00.742120 Hst:                00000001 0000000f 00000007 00000000
00:00:00.742121 Hst: 00000015/0000  00000002 000000d8 00000000 00000000
00:00:00.742123 Hst: 00000016/0000  00000a28 00000c1c 00000064 00000000
00:00:00.742125                                Name: GenuineIntel
00:00:00.742127                            Supports: 0x00000000-0x00000016
00:00:00.742128                              Family:  6 	Extended: 0 	Effective: 6
00:00:00.742130                               Model: 14 	Extended: 4 	Effective: 78
00:00:00.742132                            Stepping: 3
00:00:00.742133                                Type: 0 (primary)
00:00:00.742135                             APIC ID: 0x00
00:00:00.742136                        Logical CPUs: 0
00:00:00.742137                        CLFLUSH Size: 8
00:00:00.742138                            Brand ID: 0x00
00:00:00.742140 Features
00:00:00.742141   Mnemonic - Description                                  = guest (host)
00:00:00.742142   FPU - x87 FPU on Chip                                   = 1 (1)
00:00:00.742144   VME - Virtual 8086 Mode Enhancements                    = 1 (1)
00:00:00.742146   DE - Debugging extensions                               = 1 (1)
00:00:00.742147   PSE - Page Size Extension                               = 1 (1)
00:00:00.742149   TSC - Time Stamp Counter                                = 1 (1)
00:00:00.742150   MSR - Model Specific Registers                          = 1 (1)
00:00:00.742152   PAE - Physical Address Extension                        = 1 (1)
00:00:00.742153   MCE - Machine Check Exception                           = 1 (1)
00:00:00.742155   CX8 - CMPXCHG8B instruction                             = 1 (1)
00:00:00.742156   APIC - APIC On-Chip                                     = 1 (1)
00:00:00.742158   SEP - SYSENTER and SYSEXIT Present                      = 1 (1)
00:00:00.742159   MTRR - Memory Type Range Registers                      = 1 (1)
00:00:00.742161   PGE - PTE Global Bit                                    = 1 (1)
00:00:00.742163   MCA - Machine Check Architecture                        = 1 (1)
00:00:00.742164   CMOV - Conditional Move instructions                    = 1 (1)
00:00:00.742165   PAT - Page Attribute Table                              = 1 (1)
00:00:00.742167   PSE-36 - 36-bit Page Size Extension                     = 1 (1)
00:00:00.742168   PSN - Processor Serial Number                           = 0 (0)
00:00:00.742170   CLFSH - CLFLUSH instruction                             = 1 (1)
00:00:00.742171   DS - Debug Store                                        = 0 (1)
00:00:00.742173   ACPI - Thermal Mon. & Soft. Clock Ctrl.                 = 0 (1)
00:00:00.742175   MMX - Intel MMX Technology                              = 1 (1)
00:00:00.742176   FXSR - FXSAVE and FXRSTOR instructions                  = 1 (1)
00:00:00.742178   SSE - SSE support                                       = 1 (1)
00:00:00.742179   SSE2 - SSE2 support                                     = 1 (1)
00:00:00.742181   SS - Self Snoop                                         = 0 (1)
00:00:00.742183   HTT - Hyper-Threading Technology                        = 0 (1)
00:00:00.742184   TM - Therm. Monitor                                     = 0 (1)
00:00:00.742186   PBE - Pending Break Enabled                             = 0 (1)
00:00:00.742187   SSE3 - SSE3 support                                     = 1 (1)
00:00:00.742189   PCLMUL - PCLMULQDQ support (for AES-GCM)                = 1 (1)
00:00:00.742190   DTES64 - DS Area 64-bit Layout                          = 0 (1)
00:00:00.742192   MONITOR - MONITOR/MWAIT instructions                    = 1 (1)
00:00:00.742193   CPL-DS - CPL Qualified Debug Store                      = 0 (1)
00:00:00.742195   VMX - Virtual Machine Extensions                        = 0 (1)
00:00:00.742196   SMX - Safer Mode Extensions                             = 0 (0)
00:00:00.742198   EST - Enhanced SpeedStep Technology                     = 0 (1)
00:00:00.742199   TM2 - Terminal Monitor 2                                = 0 (1)
00:00:00.742201   SSSE3 - Supplemental Streaming SIMD Extensions 3        = 1 (1)
00:00:00.742202   CNTX-ID - L1 Context ID                                 = 0 (0)
00:00:00.742203   SDBG - Silicon Debug interface                          = 0 (1)
00:00:00.742205   FMA - Fused Multiply Add extensions                     = 0 (1)
00:00:00.742206   CX16 - CMPXCHG16B instruction                           = 1 (1)
00:00:00.742208   TPRUPDATE - xTPR Update Control                         = 0 (1)
00:00:00.742209   PDCM - Perf/Debug Capability MSR                        = 0 (1)
00:00:00.742211   PCID - Process Context Identifiers                      = 1 (1)
00:00:00.742212   DCA - Direct Cache Access                               = 0 (0)
00:00:00.742214   SSE4_1 - SSE4_1 support                                 = 1 (1)
00:00:00.742216   SSE4_2 - SSE4_2 support                                 = 1 (1)
00:00:00.742217   X2APIC - x2APIC support                                 = 0 (1)
00:00:00.742219   MOVBE - MOVBE instruction                               = 1 (1)
00:00:00.742220   POPCNT - POPCNT instruction                             = 1 (1)
00:00:00.742222   TSCDEADL - Time Stamp Counter Deadline                  = 0 (1)
00:00:00.742223   AES - AES instructions                                  = 1 (1)
00:00:00.742225   XSAVE - XSAVE instruction                               = 1 (1)
00:00:00.742226   OSXSAVE - OSXSAVE instruction                           = 0 (1)
00:00:00.742228   AVX - AVX support                                       = 1 (1)
00:00:00.742230   F16C - 16-bit floating point conversion instructions    = 0 (1)
00:00:00.742231   RDRAND - RDRAND instruction                             = 1 (1)
00:00:00.742232   HVP - Hypervisor Present (we're a guest)                = 1 (0)
00:00:00.742234 Structured Extended Feature Flags Enumeration (leaf 7):
00:00:00.742235   Mnemonic - Description                                  = guest (host)
00:00:00.742236   FSGSBASE - RDFSBASE/RDGSBASE/WRFSBASE/WRGSBASE instr.   = 1 (1)
00:00:00.742237   TSCADJUST - Supports MSR_IA32_TSC_ADJUST                = 0 (1)
00:00:00.742238   SGX - Supports Software Guard Extensions                = 0 (1)
00:00:00.742239   BMI1 - Advanced Bit Manipulation extension 1            = 0 (1)
00:00:00.742241   HLE - Hardware Lock Elision                             = 0 (0)
00:00:00.742242   AVX2 - Advanced Vector Extensions 2                     = 1 (1)
00:00:00.742244   FDP_EXCPTN_ONLY - FPU DP only updated on exceptions     = 0 (0)
00:00:00.742245   SMEP - Supervisor Mode Execution Prevention             = 0 (1)
00:00:00.742246   BMI2 - Advanced Bit Manipulation extension 2            = 0 (1)
00:00:00.742247   ERMS - Enhanced REP MOVSB/STOSB instructions            = 0 (1)
00:00:00.742249   INVPCID - INVPCID instruction                           = 1 (1)
00:00:00.742250   RTM - Restricted Transactional Memory                   = 0 (0)
00:00:00.742252   PQM - Platform Quality of Service Monitoring            = 0 (0)
00:00:00.742253   DEPFPU_CS_DS - Deprecates FPU CS, FPU DS values if set  = 1 (1)
00:00:00.742254   MPE - Intel Memory Protection Extensions                = 0 (1)
00:00:00.742255   PQE - Platform Quality of Service Enforcement           = 0 (0)
00:00:00.742256   AVX512F - AVX512 Foundation instructions                = 0 (0)
00:00:00.742258   RDSEED - RDSEED instruction                             = 1 (1)
00:00:00.742259   ADX - ADCX/ADOX instructions                            = 0 (1)
00:00:00.742261   SMAP - Supervisor Mode Access Prevention                = 0 (1)
00:00:00.742262   CLFLUSHOPT - CLFLUSHOPT (Cache Line Flush) instruction  = 1 (1)
00:00:00.742263   INTEL_PT - Intel Processor Trace                        = 0 (1)
00:00:00.742265   AVX512PF - AVX512 Prefetch instructions                 = 0 (0)
00:00:00.742266   AVX512ER - AVX512 Exponential & Reciprocal instructions = 0 (0)
00:00:00.742267   AVX512CD - AVX512 Conflict Detection instructions       = 0 (0)
00:00:00.742268   SHA - Secure Hash Algorithm extensions                  = 0 (0)
00:00:00.742270   PREFETCHWT1 - PREFETCHWT1 instruction                   = 0 (0)
00:00:00.742271   UMIP - User mode insturction prevention                 = 0 (0)
00:00:00.742273   PKU - Protection Key for Usermode pages                 = 0 (0)
00:00:00.742274   OSPKE - CR4.PKU mirror                                  = 0 (0)
00:00:00.742276   MAWAU - Value used by BNDLDX & BNDSTX                   = 0x0 (0x0)
00:00:00.742277   RDPID - Read processor ID support                       = 0 (0)
00:00:00.742279   SGX_LC - Supports SGX Launch Configuration              = 0 (0)
00:00:00.742280   IBRS_IBPB - IA32_SPEC_CTRL.IBRS and IA32_PRED_CMD.IBPB  = 0 (1)
00:00:00.742281   STIBP - Supports IA32_SPEC_CTRL.STIBP                   = 0 (1)
00:00:00.742283   ARCHCAP - Supports IA32_ARCH_CAP                        = 0 (0)
00:00:00.742285 Processor Extended State Enumeration (leaf 0xd):
00:00:00.742285    XSAVE area cur/max size by XCR0, guest: 0x340/0x340
00:00:00.742287     XSAVE area cur/max size by XCR0, host: 0x440/0x440
00:00:00.742288                    Valid XCR0 bits, guest: 0x00000000`00000007 ( x87 SSE YMM_Hi128 )
00:00:00.742291                     Valid XCR0 bits, host: 0x00000000`0000001f ( x87 SSE YMM_Hi128 BNDREGS BNDCSR )
00:00:00.742294                     XSAVE features, guest:
00:00:00.742295                      XSAVE features, host: XSAVEOPT XSAVEC XGETBC1 XSAVES
00:00:00.742298       XSAVE area cur size XCR0|XSS, guest: 0x3c0
00:00:00.742299        XSAVE area cur size XCR0|XSS, host: 0x3c0
00:00:00.742300                Valid IA32_XSS bits, guest: 0x00000000`00000000
00:00:00.742301                 Valid IA32_XSS bits, host: 0x00000100`00000000 ( 40 )
00:00:00.742303   State #2, guest: off=0x0240, cb=0x0100 IA32_XSS-bit -- YMM_Hi128
00:00:00.742305   State #2, host:  off=0x0240, cb=0x0100 IA32_XSS-bit -- YMM_Hi128
00:00:00.742308   State #3, host:  off=0x03c0, cb=0x0040 IA32_XSS-bit -- BNDREGS
00:00:00.742309   State #4, host:  off=0x0400, cb=0x0040 IA32_XSS-bit -- BNDCSR
00:00:00.742312   State #8, host:  off=0x0000, cb=0x0080 XCR0-bit -- 8
00:00:00.742325          Unknown CPUID Leaves
00:00:00.742326      Leaf/sub-leaf  eax      ebx      ecx      edx
00:00:00.742327 Gst: 00000014/0001  00000000 00000000 00000000 00000000
00:00:00.742328 Hst:                02490002 003f3fff 00000000 00000000
00:00:00.742330 Gst: 00000014/0002  00000000 00000000 00000000 00000000
00:00:00.742331 Hst:                00000000 00000000 00000000 00000000
00:00:00.742332 Gst: 00000015/0000  00000000 00000000 00000000 00000000
00:00:00.742334 Hst:                00000002 000000d8 00000000 00000000
00:00:00.742335 Gst: 00000016/0000  00000000 00000000 00000000 00000000
00:00:00.742336 Hst:                00000a28 00000c1c 00000064 00000000
00:00:00.742338          Raw Hypervisor CPUID Leaves
00:00:00.742339      Leaf/sub-leaf  eax      ebx      ecx      edx
00:00:00.742340 Gst: 40000000/0000  40000001 4b4d564b 564b4d56 0000004d
00:00:00.742342 Hst:                00000a28 00000c1c 00000064 00000000
00:00:00.742343 Gst: 40000001/0000  01000089 00000000 00000000 00000000
00:00:00.742345 Hst:                00000a28 00000c1c 00000064 00000000
00:00:00.742347          Raw Extended CPUID Leaves
00:00:00.742347      Leaf/sub-leaf  eax      ebx      ecx      edx
00:00:00.742348 Gst: 80000000/0000  80000008 00000000 00000000 00000000
00:00:00.742349 Hst:                80000008 00000000 00000000 00000000
00:00:00.742351 Gst: 80000001/0000  00000000 00000000 00000121 28100800
00:00:00.742353 Hst:                00000000 00000000 00000121 2c100800
00:00:00.742354 Gst: 80000002/0000  65746e49 2952286c 726f4320 4d542865
00:00:00.742357 Hst:                65746e49 2952286c 726f4320 4d542865
00:00:00.742359 Gst: 80000003/0000  37692029 3035362d 43205530 40205550
00:00:00.742361 Hst:                37692029 3035362d 43205530 40205550
00:00:00.742363 Gst: 80000004/0000  352e3220 7a484730 00000000 00000000
00:00:00.742365 Hst:                352e3220 7a484730 00000000 00000000
00:00:00.742366 Gst: 80000005/0000  00000000 00000000 00000000 00000000
00:00:00.742368 Hst:                00000000 00000000 00000000 00000000
00:00:00.742369 Gst: 80000006/0000  00000000 00000000 01006040 00000000
00:00:00.742370 Hst:                00000000 00000000 01006040 00000000
00:00:00.742372 Gst: 80000007/0000  00000000 00000000 00000000 00000100
00:00:00.742373 Hst:                00000000 00000000 00000000 00000100
00:00:00.742374 Gst: 80000008/0000  00003027 00000000 00000000 00000000
00:00:00.742376 Hst:                00003027 00000000 00000000 00000000
00:00:00.742377 Ext Name:                        
00:00:00.742378 Ext Supports:                    0x80000000-0x80000008
00:00:00.742379 Family:                          0  	Extended: 0 	Effective: 0
00:00:00.742380 Model:                           0  	Extended: 0 	Effective: 0
00:00:00.742381 Stepping:                        0
00:00:00.742381 Brand ID:                        0x000
00:00:00.742382 Ext Features
00:00:00.742383   Mnemonic - Description                                  = guest (host)
00:00:00.742384   FPU - x87 FPU on Chip                                   = 0 (0)
00:00:00.742386   VME - Virtual 8086 Mode Enhancements                    = 0 (0)
00:00:00.742387   DE - Debugging extensions                               = 0 (0)
00:00:00.742389   PSE - Page Size Extension                               = 0 (0)
00:00:00.742390   TSC - Time Stamp Counter                                = 0 (0)
00:00:00.742392   MSR - K86 Model Specific Registers                      = 0 (0)
00:00:00.742393   PAE - Physical Address Extension                        = 0 (0)
00:00:00.742395   MCE - Machine Check Exception                           = 0 (0)
00:00:00.742396   CX8 - CMPXCHG8B instruction                             = 0 (0)
00:00:00.742398   APIC - APIC On-Chip                                     = 0 (0)
00:00:00.742400   SEP - SYSCALL/SYSRET                                    = 1 (1)
00:00:00.742401   MTRR - Memory Type Range Registers                      = 0 (0)
00:00:00.742403   PGE - PTE Global Bit                                    = 0 (0)
00:00:00.742404   MCA - Machine Check Architecture                        = 0 (0)
00:00:00.742406   CMOV - Conditional Move instructions                    = 0 (0)
00:00:00.742407   PAT - Page Attribute Table                              = 0 (0)
00:00:00.742409   PSE-36 - 36-bit Page Size Extension                     = 0 (0)
00:00:00.742410   NX - No-Execute/Execute-Disable                         = 1 (1)
00:00:00.742412   AXMMX - AMD Extensions to MMX instructions              = 0 (0)
00:00:00.742413   MMX - Intel MMX Technology                              = 0 (0)
00:00:00.742415   FXSR - FXSAVE and FXRSTOR Instructions                  = 0 (0)
00:00:00.742416   FFXSR - AMD fast FXSAVE and FXRSTOR instructions        = 0 (0)
00:00:00.742417   Page1GB - 1 GB large page                               = 0 (1)
00:00:00.742419   RDTSCP - RDTSCP instruction                             = 1 (1)
00:00:00.742420   LM - AMD64 Long Mode                                    = 1 (1)
00:00:00.742422   3DNOWEXT - AMD Extensions to 3DNow                      = 0 (0)
00:00:00.742424   3DNOW - AMD 3DNow                                       = 0 (0)
00:00:00.742425   LahfSahf - LAHF/SAHF support in 64-bit mode             = 1 (1)
00:00:00.742427   CmpLegacy - Core multi-processing legacy mode           = 0 (0)
00:00:00.742428   SVM - AMD Secure Virtual Machine extensions             = 0 (0)
00:00:00.742429   EXTAPIC - AMD Extended APIC registers                   = 0 (0)
00:00:00.742431   CR8L - AMD LOCK MOV CR0 means MOV CR8                   = 0 (0)
00:00:00.742432   ABM - AMD Advanced Bit Manipulation                     = 1 (1)
00:00:00.742433   SSE4A - SSE4A instructions                              = 0 (0)
00:00:00.742435   MISALIGNSSE - AMD Misaligned SSE mode                   = 0 (0)
00:00:00.742436   3DNOWPRF - AMD PREFETCH and PREFETCHW instructions      = 1 (1)
00:00:00.742437   OSVW - AMD OS Visible Workaround                        = 0 (0)
00:00:00.742439   IBS - Instruct Based Sampling                           = 0 (0)
00:00:00.742440   XOP - Extended Operation support                        = 0 (0)
00:00:00.742442   SKINIT - SKINIT, STGI, and DEV support                  = 0 (0)
00:00:00.742443   WDT - AMD Watchdog Timer support                        = 0 (0)
00:00:00.742445   LWP - Lightweight Profiling support                     = 0 (0)
00:00:00.742446   FMA4 - Four operand FMA instruction support             = 0 (0)
00:00:00.742447   NodeId - NodeId in MSR C001_100C                        = 0 (0)
00:00:00.742449   TBM - Trailing Bit Manipulation instructions            = 0 (0)
00:00:00.742450   TOPOEXT - Topology Extensions                           = 0 (0)
00:00:00.742452 Full Name:                       "Intel(R) Core(TM) i7-6500U CPU @ 2.50GHz"
00:00:00.742453 TLB 2/4M Instr/Uni:              res0     0 entries
00:00:00.742454 TLB 2/4M Data:                   res0     0 entries
00:00:00.742455 TLB 4K Instr/Uni:                res0     0 entries
00:00:00.742456 TLB 4K Data:                     res0     0 entries
00:00:00.742457 L1 Instr Cache Line Size:        0 bytes
00:00:00.742457 L1 Instr Cache Lines Per Tag:    0
00:00:00.742458 L1 Instr Cache Associativity:    res0  
00:00:00.742458 L1 Instr Cache Size:             0 KB
00:00:00.742459 L1 Data Cache Line Size:         0 bytes
00:00:00.742460 L1 Data Cache Lines Per Tag:     0
00:00:00.742460 L1 Data Cache Associativity:     res0  
00:00:00.742461 L1 Data Cache Size:              0 KB
00:00:00.742462 L2 TLB 2/4M Instr/Uni:           off       0 entries
00:00:00.742463 L2 TLB 2/4M Data:                off       0 entries
00:00:00.742464 L2 TLB 4K Instr/Uni:             off       0 entries
00:00:00.742464 L2 TLB 4K Data:                  off       0 entries
00:00:00.742465 L2 Cache Line Size:              0 bytes
00:00:00.742466 L2 Cache Lines Per Tag:          0
00:00:00.742466 L2 Cache Associativity:          off   
00:00:00.742467 L2 Cache Size:                   0 KB
00:00:00.742468 APM Features:                    TscInvariant
00:00:00.742469 Host Invariant-TSC support:      true 
00:00:00.742470 Physical Address Width:          39 bits
00:00:00.742471 Virtual Address Width:           48 bits
00:00:00.742472 Guest Physical Address Width:    0 bits
00:00:00.742472 Physical Core Count:             1
00:00:00.742475 
00:00:00.742476 ******************** End of CPUID dump **********************
00:00:00.746467 PcBios: SATA LUN#0 LCHS=1024/255/63
00:00:00.746475 PcBios: SATA LUN#1 LCHS=1024/255/63
00:00:00.746488 APIC: fPostedIntrsEnabled=false fVirtApicRegsEnabled=false fSupportsTscDeadline=false
00:00:00.746495 TMR3UtcNow: nsNow=1 532 664 680 548 628 000 nsPrev=0 -> cNsDelta=1 532 664 680 548 628 000 (offLag=0 offVirtualSync=0 offVirtualSyncGivenUp=0, NowAgain=1 532 664 680 548 628 000)
00:00:00.746504 VMEmt: Halt method global1 (5)
00:00:00.746518 VMEmt: HaltedGlobal1 config: cNsSpinBlockThresholdCfg=2000
00:00:00.746524 Changing the VM state from 'CREATING' to 'CREATED'
00:00:00.749145 SharedFolders host service: Adding host mapping
00:00:00.749153     Host path '/home', map name 'hosthome', writable, automount=true, create_symlinks=true, missing=false
00:00:00.749203 Changing the VM state from 'CREATED' to 'POWERING_ON'
00:00:00.750524 Changing the VM state from 'POWERING_ON' to 'RUNNING'
00:00:00.750532 Console: Machine state changed to 'Running'
00:00:00.752372 VMMDev: Guest Log: BIOS: VirtualBox 5.2.10
00:00:00.752372 PCI: setting up resources and interrupts
00:00:00.752372 PIT: mode=2 count=0x10000 (65536) - 18.20 Hz (ch=0)
00:00:00.769827 VMMDev: Guest Log: CPUID EDX: 0x078bfbff
00:00:00.769854 NAT: Old socket recv size: 128KB
00:00:00.769864 NAT: Old socket send size: 128KB
00:00:00.778586 Display::handleDisplayResize: uScreenId=0 pvVRAM=0000000000000000 w=720 h=400 bpp=0 cbLine=0x0 flags=0x0
00:00:00.780370 AHCI#0: Reset the HBA
00:00:00.780384 VD#1: Cancelling all active requests
00:00:00.780437 AHCI#0: Port 0 reset
00:00:00.780591 AHCI#0: Port 1 reset
00:00:00.780613 VD#1: Cancelling all active requests
00:00:00.781133 VMMDev: Guest Log: BIOS: AHCI 1-P#1: PCHS=16383/16/63 LCHS=1024/255/63 0x0000000002710000 sectors
00:00:00.781200 AHCI#0: Port 2 reset
00:00:00.918453 AHCI#0: Port 3 reset
00:00:01.083565 AHCI#0: Port 4 reset
00:00:01.248503 AHCI#0: Port 5 reset
00:00:01.418510 AHCI#0: Port 6 reset
00:00:01.578457 AHCI#0: Port 7 reset
00:00:01.744953 AHCI#0: Port 8 reset
00:00:01.908461 AHCI#0: Port 9 reset
00:00:02.076027 AHCI#0: Port 10 reset
00:00:02.237997 AHCI#0: Port 11 reset
00:00:02.401991 AHCI#0: Port 12 reset
00:00:02.568503 AHCI#0: Port 13 reset
00:00:02.734053 AHCI#0: Port 14 reset
00:00:02.896245 AHCI#0: Port 15 reset
00:00:03.066085 AHCI#0: Port 16 reset
00:00:03.228094 AHCI#0: Port 17 reset
00:00:03.390087 AHCI#0: Port 18 reset
00:00:03.555770 AHCI#0: Port 19 reset
00:00:03.718583 AHCI#0: Port 20 reset
00:00:03.888502 AHCI#0: Port 21 reset
00:00:04.048481 AHCI#0: Port 22 reset
00:00:04.218498 AHCI#0: Port 23 reset
00:00:04.378799 AHCI#0: Port 24 reset
00:00:04.548937 AHCI#0: Port 25 reset
00:00:04.708987 AHCI#0: Port 26 reset
00:00:04.876849 AHCI#0: Port 27 reset
00:00:05.038938 AHCI#0: Port 28 reset
00:00:05.209060 AHCI#0: Port 29 reset
00:00:05.377259 PIT: mode=2 count=0x48d3 (18643) - 64.00 Hz (ch=0)
00:00:05.481069 PIT: mode=2 count=0x10000 (65536) - 18.20 Hz (ch=0)
00:00:05.481479 VMMDev: Guest Log: BIOS: Boot : bseqnr=1, bootseq=0233
00:00:05.482493 VMMDev: Guest Log: BIOS: Booting from CD-ROM...
00:00:05.871713 VMMDev: Guest Log: BIOS: KBD: unsupported int 16h function 03
00:00:05.871964 VMMDev: Guest Log: BIOS: AX=0305 BX=0000 CX=0000 DX=0000 
00:00:06.455923 GIM: KVM: VCPU  0: Enabled system-time struct. at 0x000000003ffef000 - u32TscScale=0xc588e05e i8TscShift=-1 uVersion=2 fFlags=0x1 uTsc=0x3715ff197 uVirtNanoTS=0x1540dee6f
00:00:06.455950 TM: Switching TSC mode from 'Dynamic' to 'RealTscOffset'
00:00:06.729572 GIM: KVM: Enabled wall-clock struct. at 0x0000000001c86e08 - u32Sec=1532664686 u32Nano=531683000 uVersion=2
00:00:19.437206 AHCI#0: Reset the HBA
00:00:19.437232 VD#1: Cancelling all active requests
00:00:19.444857 AHCI#0: Port 0 reset
00:00:19.778555 AHCI#0: Port 1 reset
00:00:19.779703 VD#1: Cancelling all active requests
00:00:31.141484 VMMDev: Guest Additions information report: Version 5.2.2 r119230 '5.2.2'
00:00:31.141528 VMMDev: Guest Additions information report: Interface = 0x00010004 osType = 0x00053100 (Linux >= 2.6, 64-bit)
00:00:31.141601 VMMDev: Guest Additions capability report: (0x0 -> 0x0) seamless: no, hostWindowMapping: no, graphics: no
00:00:31.141696 VMMDev: Guest reported fixed hypervisor window at 00001400000 LB 0x800000 (rc=VINF_SUCCESS)
00:00:31.141715 VMMDev: vmmDevReqHandler_HeartbeatConfigure: No change (fHeartbeatActive=false).
00:00:31.141760 VMMDev: Heartbeat flatline timer set to trigger after 4 000 000 000 ns
00:00:31.163192 VMMDev: Guest Log: vgdrvHeartbeatInit: Setting up heartbeat to trigger every 2000 milliseconds
00:00:31.165267 VMMDev: Guest Log: vboxguest: misc device minor 56, IRQ 20, I/O port d020, MMIO at 00000000f0400000 (size 0x400000)
00:00:33.136225 NAT: Link up
00:00:50.857598 VMMDev: Guest Log: VBoxService 5.2.2 r119230 (verbosity: 0) linux.amd64 (Nov 22 2017 17:22:52) release log
00:00:50.857622 VMMDev: Guest Log: 00:00:00.000102 main     Log opened 2018-07-27T04:12:08.993551000Z
00:00:50.859429 VMMDev: Guest Log: 00:00:00.001952 main     OS Product: Linux
00:00:50.859457 VMMDev: Guest Log: 00:00:00.001984 main     OS Release: 4.9.93-boot2docker
00:00:50.859477 VMMDev: Guest Log: 00:00:00.002006 main     OS Version: #1 SMP Thu Jul 19 18:29:50 UTC 2018
00:00:50.859498 VMMDev: Guest Log: 00:00:00.002026 main     Executable: /sbin/VBoxService
00:00:50.859514 VMMDev: Guest Log: 00:00:00.002027 main     Process ID: 2468
00:00:50.859517 VMMDev: Guest Log: 00:00:00.002027 main     Package type: LINUX_64BITS_GENERIC
00:00:50.864676 VMMDev: Guest Log: 00:00:00.007167 main     5.2.2 r119230 started. Verbose level = 0
00:00:50.867619 VMMDev: Guest Log: 00:00:00.010116 vminfo   rtldrNativeLoad: dlopen('libdbus-1.so.3', RTLD_NOW | RTLD_LOCAL) failed: libdbus-1.so.3: cannot open shared object file: No such file or directory
00:00:50.867676 VMMDev: Guest Log: 00:00:00.010184 vminfo   Error: Unable to connect to system D-Bus (1/3): D-Bus not installed
00:00:50.878335 VMMDev: Guest Additions capability report: (0x0 -> 0x0) seamless: no, hostWindowMapping: no, graphics: no
00:00:51.116031 NAT: IPv6 not supported
00:00:52.417751 NAT: resolv.conf: nameserver 127.0.0.53
00:00:52.417786 NAT: DNS#0: 127.0.0.53
00:00:52.417792 NAT: DHCP offered IP address 10.0.2.15
00:00:52.418159 NAT: DHCP offered IP address 10.0.2.15
00:00:55.866344 VMMDev: Guest Log: 00:00:05.010691 vminfo   Error: Unable to connect to system D-Bus (2/3): D-Bus not installed
00:01:00.868563 VMMDev: Guest Log: 00:00:10.012808 vminfo   Error: Unable to connect to system D-Bus (3/3): D-Bus not installed
