VirtualBox VM 5.2.10_Ubuntu r121806 linux.amd64 (Jun 15 2018 16:14:07) release log
00:00:00.282552 Log opened 2018-07-27T04:26:49.596927000Z
00:00:00.282560 Build Type: release
00:00:00.282574 OS Product: Linux
00:00:00.282582 OS Release: 4.15.0-29-generic
00:00:00.282590 OS Version: #31-Ubuntu SMP Tue Jul 17 15:39:52 UTC 2018
00:00:00.282696 DMI Product Name: TP501UB
00:00:00.282753 DMI Product Version: 1.0       
00:00:00.282997 Host RAM: 7873MB (7.6GB) total, 1535MB available
00:00:00.283384 Executable: /usr/lib/virtualbox/VBoxHeadless
00:00:00.283390 Process ID: 30069
00:00:00.283396 Package type: LINUX_64BITS_GENERIC (OSE)
00:00:00.331211 Installed Extension Packs:
00:00:00.331282   VNC (Version: 5.2.10 r121806; VRDE Module: VBoxVNC)
00:00:00.340068 Console: Machine state changed to 'Starting'
00:00:00.500967 SUP: Opened VMMR0.r0 (/usr/lib/virtualbox/VMMR0.r0) at 0xXXXXXXXXXXXXXXXX.
00:00:00.532654 Guest OS type: 'Linux26_64'
00:00:00.570194 fHMForced=true - 64-bit guest
00:00:00.692563 File system of '/home/rohe/.docker/machine/machines/ClientDocker/boot2docker.iso' (DVD) is ext4
00:00:00.730790 File system of '/home/rohe/.docker/machine/machines/ClientDocker/ClientDocker/Snapshots' (snapshots) is unknown
00:00:00.730847 File system of '/home/rohe/.docker/machine/machines/ClientDocker/disk.vmdk' is ext4
00:00:00.972478 Shared clipboard service loaded
00:00:00.972496 Shared clipboard mode: Off
00:00:00.991492 Drag and drop service loaded
00:00:00.991507 Drag and drop mode: Off
00:00:01.021483 Guest Control service loaded
00:00:01.023859 Per-VM extradata API settings:
00:00:01.023867   VBoxInternal2/SharedFoldersEnableSymlinksCreate/hosthome="1"
00:00:01.024057 ************************* CFGM dump *************************
00:00:01.024057 [/] (level 0)
00:00:01.024057   CSAMEnabled       <integer> = 0x0000000000000001 (1)
00:00:01.024057   CpuExecutionCap   <integer> = 0x0000000000000064 (100)
00:00:01.024057   EnablePAE         <integer> = 0x0000000000000001 (1)
00:00:01.024057   HMEnabled         <integer> = 0x0000000000000001 (1)
00:00:01.024057   MemBalloonSize    <integer> = 0x0000000000000000 (0)
00:00:01.024057   Name              <string>  = "ClientDocker" (cb=13)
00:00:01.024057   NumCPUs           <integer> = 0x0000000000000001 (1)
00:00:01.024057   PATMEnabled       <integer> = 0x0000000000000001 (1)
00:00:01.024057   PageFusionAllowed <integer> = 0x0000000000000000 (0)
00:00:01.024057   RamHoleSize       <integer> = 0x0000000020000000 (536 870 912, 512 MB)
00:00:01.024057   RamSize           <integer> = 0x0000000040000000 (1 073 741 824, 1 024 MB)
00:00:01.024057   RawR0Enabled      <integer> = 0x0000000000000001 (1)
00:00:01.024057   RawR3Enabled      <integer> = 0x0000000000000001 (1)
00:00:01.024057   TimerMillies      <integer> = 0x000000000000000a (10)
00:00:01.024057   UUID              <bytes>   = "8c d2 53 74 57 1d 30 41 82 a3 fe 9a 0b 17 05 77" (cb=16)
00:00:01.024057 
00:00:01.024057 [/CPUM/] (level 1)
00:00:01.024057   GuestCpuName       <string>  = "host" (cb=5)
00:00:01.024057   PortableCpuIdLevel <integer> = 0x0000000000000000 (0)
00:00:01.024057   SpecCtrl           <integer> = 0x0000000000000000 (0)
00:00:01.024057 
00:00:01.024057 [/DBGC/] (level 1)
00:00:01.024057   GlobalInitScript <string>  = "/home/rohe/.config/VirtualBox/dbgc-init" (cb=40)
00:00:01.024057   HistoryFile      <string>  = "/home/rohe/.config/VirtualBox/dbgc-history" (cb=43)
00:00:01.024057   LocalInitScript  <string>  = "/home/rohe/.docker/machine/machines/ClientDocker/ClientDocker/dbgc-init" (cb=72)
00:00:01.024057 
00:00:01.024057 [/DBGF/] (level 1)
00:00:01.024057   Path <string>  = "/home/rohe/.docker/machine/machines/ClientDocker/ClientDocker/debug/;/home/rohe/.docker/machine/machines/ClientDocker/ClientDocker/;/home/rohe/" (cb=144)
00:00:01.024057 
00:00:01.024057 [/Devices/] (level 1)
00:00:01.024057 
00:00:01.024057 [/Devices/8237A/] (level 2)
00:00:01.024057 
00:00:01.024057 [/Devices/8237A/0/] (level 3)
00:00:01.024057   Trusted <integer> = 0x0000000000000001 (1)
00:00:01.024057 
00:00:01.024057 [/Devices/GIMDev/] (level 2)
00:00:01.024057 
00:00:01.024057 [/Devices/GIMDev/0/] (level 3)
00:00:01.024057   Trusted <integer> = 0x0000000000000001 (1)
00:00:01.024057 
00:00:01.024057 [/Devices/VMMDev/] (level 2)
00:00:01.024057 
00:00:01.024057 [/Devices/VMMDev/0/] (level 3)
00:00:01.024057   PCIBusNo      <integer> = 0x0000000000000000 (0)
00:00:01.024057   PCIDeviceNo   <integer> = 0x0000000000000004 (4)
00:00:01.024057   PCIFunctionNo <integer> = 0x0000000000000000 (0)
00:00:01.024057   Trusted       <integer> = 0x0000000000000001 (1)
00:00:01.024057 
00:00:01.024057 [/Devices/VMMDev/0/Config/] (level 4)
00:00:01.024057   GuestCoreDumpDir <string>  = "/home/rohe/.docker/machine/machines/ClientDocker/ClientDocker/Snapshots" (cb=72)
00:00:01.024057 
00:00:01.024057 [/Devices/VMMDev/0/LUN#0/] (level 4)
00:00:01.024057   Driver <string>  = "HGCM" (cb=5)
00:00:01.024057 
00:00:01.024057 [/Devices/VMMDev/0/LUN#0/Config/] (level 5)
00:00:01.024057   Object <integer> = 0x00007f0c3c000b70 (139 690 522 970 992)
00:00:01.024057 
00:00:01.024057 [/Devices/VMMDev/0/LUN#999/] (level 4)
00:00:01.024057   Driver <string>  = "MainStatus" (cb=11)
00:00:01.024057 
00:00:01.024057 [/Devices/VMMDev/0/LUN#999/Config/] (level 5)
00:00:01.024057   First   <integer> = 0x0000000000000000 (0)
00:00:01.024057   Last    <integer> = 0x0000000000000000 (0)
00:00:01.024057   papLeds <integer> = 0x00007f0c44001bd0 (139 690 657 192 912)
00:00:01.024057 
00:00:01.024057 [/Devices/acpi/] (level 2)
00:00:01.024057 
00:00:01.024057 [/Devices/acpi/0/] (level 3)
00:00:01.024057   PCIBusNo      <integer> = 0x0000000000000000 (0)
00:00:01.024057   PCIDeviceNo   <integer> = 0x0000000000000007 (7)
00:00:01.024057   PCIFunctionNo <integer> = 0x0000000000000000 (0)
00:00:01.024057   Trusted       <integer> = 0x0000000000000001 (1)
00:00:01.024057 
00:00:01.024057 [/Devices/acpi/0/Config/] (level 4)
00:00:01.024057   CpuHotPlug          <integer> = 0x0000000000000000 (0)
00:00:01.024057   FdcEnabled          <integer> = 0x0000000000000000 (0)
00:00:01.024057   HostBusPciAddress   <integer> = 0x0000000000000000 (0)
00:00:01.024057   HpetEnabled         <integer> = 0x0000000000000001 (1)
00:00:01.024057   IOAPIC              <integer> = 0x0000000000000001 (1)
00:00:01.024057   IocPciAddress       <integer> = 0x0000000000010000 (65 536)
00:00:01.024057   NumCPUs             <integer> = 0x0000000000000001 (1)
00:00:01.024057   Parallel0IoPortBase <integer> = 0x0000000000000000 (0)
00:00:01.024057   Parallel0Irq        <integer> = 0x0000000000000000 (0)
00:00:01.024057   Parallel1IoPortBase <integer> = 0x0000000000000000 (0)
00:00:01.024057   Parallel1Irq        <integer> = 0x0000000000000000 (0)
00:00:01.024057   Serial0IoPortBase   <integer> = 0x0000000000000000 (0)
00:00:01.024057   Serial0Irq          <integer> = 0x0000000000000000 (0)
00:00:01.024057   Serial1IoPortBase   <integer> = 0x0000000000000000 (0)
00:00:01.024057   Serial1Irq          <integer> = 0x0000000000000000 (0)
00:00:01.024057   ShowCpu             <integer> = 0x0000000000000001 (1)
00:00:01.024057   ShowRtc             <integer> = 0x0000000000000000 (0)
00:00:01.024057   SmcEnabled          <integer> = 0x0000000000000000 (0)
00:00:01.024057 
00:00:01.024057 [/Devices/acpi/0/LUN#0/] (level 4)
00:00:01.024057   Driver <string>  = "ACPIHost" (cb=9)
00:00:01.024057 
00:00:01.024057 [/Devices/acpi/0/LUN#0/Config/] (level 5)
00:00:01.024057 
00:00:01.024057 [/Devices/ahci/] (level 2)
00:00:01.024057 
00:00:01.024057 [/Devices/ahci/0/] (level 3)
00:00:01.024057   PCIBusNo      <integer> = 0x0000000000000000 (0)
00:00:01.024057   PCIDeviceNo   <integer> = 0x000000000000000d (13)
00:00:01.024057   PCIFunctionNo <integer> = 0x0000000000000000 (0)
00:00:01.024057   Trusted       <integer> = 0x0000000000000001 (1)
00:00:01.024057 
00:00:01.024057 [/Devices/ahci/0/Config/] (level 4)
00:00:01.024057   Bootable  <integer> = 0x0000000000000001 (1)
00:00:01.024057   PortCount <integer> = 0x000000000000001e (30)
00:00:01.024057 
00:00:01.024057 [/Devices/ahci/0/Config/Port0/] (level 5)
00:00:01.024057   Hotpluggable <integer> = 0x0000000000000000 (0)
00:00:01.024057 
00:00:01.024057 [/Devices/ahci/0/Config/Port1/] (level 5)
00:00:01.024057   Hotpluggable <integer> = 0x0000000000000000 (0)
00:00:01.024057 
00:00:01.024057 [/Devices/ahci/0/LUN#0/] (level 4)
00:00:01.024057   Driver <string>  = "SCSI" (cb=5)
00:00:01.024057 
00:00:01.024057 [/Devices/ahci/0/LUN#0/AttachedDriver/] (level 5)
00:00:01.024057   Driver <string>  = "VD" (cb=3)
00:00:01.024057 
00:00:01.024057 [/Devices/ahci/0/LUN#0/AttachedDriver/Config/] (level 6)
00:00:01.024057   Format    <string>  = "RAW" (cb=4)
00:00:01.024057   Mountable <integer> = 0x0000000000000001 (1)
00:00:01.024057   Path      <string>  = "/home/rohe/.docker/machine/machines/ClientDocker/boot2docker.iso" (cb=65)
00:00:01.024057   ReadOnly  <integer> = 0x0000000000000001 (1)
00:00:01.024057   Type      <string>  = "DVD" (cb=4)
00:00:01.024057 
00:00:01.024057 [/Devices/ahci/0/LUN#1/] (level 4)
00:00:01.024057   Driver <string>  = "VD" (cb=3)
00:00:01.024057 
00:00:01.024057 [/Devices/ahci/0/LUN#1/Config/] (level 5)
00:00:01.024057   Format    <string>  = "VMDK" (cb=5)
00:00:01.024057   Mountable <integer> = 0x0000000000000000 (0)
00:00:01.024057   Path      <string>  = "/home/rohe/.docker/machine/machines/ClientDocker/disk.vmdk" (cb=59)
00:00:01.024057   Type      <string>  = "HardDisk" (cb=9)
00:00:01.024057 
00:00:01.024057 [/Devices/ahci/0/LUN#999/] (level 4)
00:00:01.024057   Driver <string>  = "MainStatus" (cb=11)
00:00:01.024057 
00:00:01.024057 [/Devices/ahci/0/LUN#999/Config/] (level 5)
00:00:01.024057   DeviceInstance        <string>  = "ahci/0" (cb=7)
00:00:01.024057   First                 <integer> = 0x0000000000000000 (0)
00:00:01.024057   Last                  <integer> = 0x000000000000001d (29)
00:00:01.024057   pConsole              <integer> = 0x00007f0c440013e0 (139 690 657 190 880)
00:00:01.024057   papLeds               <integer> = 0x00007f0c440017d0 (139 690 657 191 888)
00:00:01.024057   pmapMediumAttachments <integer> = 0x00007f0c44001bf0 (139 690 657 192 944)
00:00:01.024057 
00:00:01.024057 [/Devices/apic/] (level 2)
00:00:01.024057 
00:00:01.024057 [/Devices/apic/0/] (level 3)
00:00:01.024057   Trusted <integer> = 0x0000000000000001 (1)
00:00:01.024057 
00:00:01.024057 [/Devices/apic/0/Config/] (level 4)
00:00:01.024057   IOAPIC  <integer> = 0x0000000000000001 (1)
00:00:01.024057   Mode    <integer> = 0x0000000000000002 (2)
00:00:01.024057   NumCPUs <integer> = 0x0000000000000001 (1)
00:00:01.024057 
00:00:01.024057 [/Devices/e1000/] (level 2)
00:00:01.024057 
00:00:01.024057 [/Devices/e1000/0/] (level 3)
00:00:01.024057   PCIBusNo      <integer> = 0x0000000000000000 (0)
00:00:01.024057   PCIDeviceNo   <integer> = 0x0000000000000003 (3)
00:00:01.024057   PCIFunctionNo <integer> = 0x0000000000000000 (0)
00:00:01.024057   Trusted       <integer> = 0x0000000000000001 (1)
00:00:01.024057 
00:00:01.024057 [/Devices/e1000/0/Config/] (level 4)
00:00:01.024057   AdapterType    <integer> = 0x0000000000000000 (0)
00:00:01.024057   CableConnected <integer> = 0x0000000000000001 (1)
00:00:01.024057   LineSpeed      <integer> = 0x0000000000000000 (0)
00:00:01.024057   MAC            <bytes>   = "08 00 27 df 17 3c" (cb=6)
00:00:01.024057 
00:00:01.024057 [/Devices/e1000/0/LUN#0/] (level 4)
00:00:01.024057   Driver <string>  = "NAT" (cb=4)
00:00:01.024057 
00:00:01.024057 [/Devices/e1000/0/LUN#0/Config/] (level 5)
00:00:01.024057   AliasMode       <integer> = 0x0000000000000000 (0)
00:00:01.024057   BootFile        <string>  = "ClientDocker.pxe" (cb=17)
00:00:01.024057   DNSProxy        <integer> = 0x0000000000000001 (1)
00:00:01.024057   Network         <string>  = "10.0.2.0/24" (cb=12)
00:00:01.024057   PassDomain      <integer> = 0x0000000000000001 (1)
00:00:01.024057   TFTPPrefix      <string>  = "/home/rohe/.config/VirtualBox/TFTP" (cb=35)
00:00:01.024057   UseHostResolver <integer> = 0x0000000000000000 (0)
00:00:01.024057 
00:00:01.024057 [/Devices/e1000/0/LUN#0/Config/PortForwarding/] (level 6)
00:00:01.024057 
00:00:01.024057 [/Devices/e1000/0/LUN#0/Config/PortForwarding/0/] (level 7)
00:00:01.024057   BindIP    <string>  = "127.0.0.1" (cb=10)
00:00:01.024057   GuestPort <integer> = 0x0000000000000016 (22)
00:00:01.024057   HostPort  <integer> = 0x000000000000a9db (43 483)
00:00:01.024057   Name      <string>  = "ssh" (cb=4)
00:00:01.024057   Protocol  <string>  = "TCP" (cb=4)
00:00:01.024057 
00:00:01.024057 [/Devices/e1000/0/LUN#999/] (level 4)
00:00:01.024057   Driver <string>  = "MainStatus" (cb=11)
00:00:01.024057 
00:00:01.024057 [/Devices/e1000/0/LUN#999/Config/] (level 5)
00:00:01.024057   First   <integer> = 0x0000000000000000 (0)
00:00:01.024057   Last    <integer> = 0x0000000000000000 (0)
00:00:01.024057   papLeds <integer> = 0x00007f0c44001ab0 (139 690 657 192 624)
00:00:01.024057 
00:00:01.024057 [/Devices/e1000/1/] (level 3)
00:00:01.024057   PCIBusNo      <integer> = 0x0000000000000000 (0)
00:00:01.024057   PCIDeviceNo   <integer> = 0x0000000000000008 (8)
00:00:01.024057   PCIFunctionNo <integer> = 0x0000000000000000 (0)
00:00:01.024057   Trusted       <integer> = 0x0000000000000001 (1)
00:00:01.024057 
00:00:01.024057 [/Devices/e1000/1/Config/] (level 4)
00:00:01.024057   AdapterType    <integer> = 0x0000000000000000 (0)
00:00:01.024057   CableConnected <integer> = 0x0000000000000001 (1)
00:00:01.024057   LineSpeed      <integer> = 0x0000000000000000 (0)
00:00:01.024057   MAC            <bytes>   = "08 00 27 54 e6 a1" (cb=6)
00:00:01.024057 
00:00:01.024057 [/Devices/e1000/1/LUN#0/] (level 4)
00:00:01.024057   Driver <string>  = "IntNet" (cb=7)
00:00:01.024057 
00:00:01.024057 [/Devices/e1000/1/LUN#0/Config/] (level 5)
00:00:01.024057   IfPolicyPromisc <string>  = "deny" (cb=5)
00:00:01.024057   Network         <string>  = "HostInterfaceNetworking-vboxnet0" (cb=33)
00:00:01.024057   Trunk           <string>  = "vboxnet0" (cb=9)
00:00:01.024057   TrunkType       <integer> = 0x0000000000000003 (3)
00:00:01.024057 
00:00:01.024057 [/Devices/e1000/1/LUN#999/] (level 4)
00:00:01.024057   Driver <string>  = "MainStatus" (cb=11)
00:00:01.024057 
00:00:01.024057 [/Devices/e1000/1/LUN#999/Config/] (level 5)
00:00:01.024057   First   <integer> = 0x0000000000000000 (0)
00:00:01.024057   Last    <integer> = 0x0000000000000000 (0)
00:00:01.024057   papLeds <integer> = 0x00007f0c44001ab8 (139 690 657 192 632)
00:00:01.024057 
00:00:01.024057 [/Devices/hpet/] (level 2)
00:00:01.024057 
00:00:01.024057 [/Devices/hpet/0/] (level 3)
00:00:01.024057   Trusted <integer> = 0x0000000000000001 (1)
00:00:01.024057 
00:00:01.024057 [/Devices/hpet/0/Config/] (level 4)
00:00:01.024057   ICH9 <integer> = 0x0000000000000000 (0)
00:00:01.024057 
00:00:01.024057 [/Devices/i8254/] (level 2)
00:00:01.024057 
00:00:01.024057 [/Devices/i8254/0/] (level 3)
00:00:01.024057 
00:00:01.024057 [/Devices/i8254/0/Config/] (level 4)
00:00:01.024057 
00:00:01.024057 [/Devices/i8259/] (level 2)
00:00:01.024057 
00:00:01.024057 [/Devices/i8259/0/] (level 3)
00:00:01.024057   Trusted <integer> = 0x0000000000000001 (1)
00:00:01.024057 
00:00:01.024057 [/Devices/i8259/0/Config/] (level 4)
00:00:01.024057 
00:00:01.024057 [/Devices/ichac97/] (level 2)
00:00:01.024057 
00:00:01.024057 [/Devices/ichac97/0/] (level 3)
00:00:01.024057   PCIBusNo      <integer> = 0x0000000000000000 (0)
00:00:01.024057   PCIDeviceNo   <integer> = 0x0000000000000005 (5)
00:00:01.024057   PCIFunctionNo <integer> = 0x0000000000000000 (0)
00:00:01.024057   Trusted       <integer> = 0x0000000000000001 (1)
00:00:01.024057 
00:00:01.024057 [/Devices/ichac97/0/AudioConfig/] (level 4)
00:00:01.024057 
00:00:01.024057 [/Devices/ichac97/0/Config/] (level 4)
00:00:01.024057   Codec <string>  = "STAC9700" (cb=9)
00:00:01.024057 
00:00:01.024057 [/Devices/ichac97/0/LUN#0/] (level 4)
00:00:01.024057   Driver <string>  = "AUDIO" (cb=6)
00:00:01.024057 
00:00:01.024057 [/Devices/ichac97/0/LUN#0/AttachedDriver/] (level 5)
00:00:01.024057   Driver <string>  = "PulseAudio" (cb=11)
00:00:01.024057 
00:00:01.024057 [/Devices/ichac97/0/LUN#0/AttachedDriver/Config/] (level 6)
00:00:01.024057   StreamName <string>  = "ClientDocker" (cb=13)
00:00:01.024057 
00:00:01.024057 [/Devices/ichac97/0/LUN#0/Config/] (level 5)
00:00:01.024057   DebugEnabled  <integer> = 0x0000000000000000 (0)
00:00:01.024057   DebugPathOut  <string>  = "" (cb=1)
00:00:01.024057   DriverName    <string>  = "PulseAudio" (cb=11)
00:00:01.024057   InputEnabled  <integer> = 0x0000000000000000 (0)
00:00:01.024057   OutputEnabled <integer> = 0x0000000000000000 (0)
00:00:01.024057 
00:00:01.024057 [/Devices/ichac97/0/LUN#1/] (level 4)
00:00:01.024057   Driver <string>  = "AUDIO" (cb=6)
00:00:01.024057 
00:00:01.024057 [/Devices/ichac97/0/LUN#1/AttachedDriver/] (level 5)
00:00:01.024057   Driver <string>  = "AudioVRDE" (cb=10)
00:00:01.024057 
00:00:01.024057 [/Devices/ichac97/0/LUN#1/AttachedDriver/Config/] (level 6)
00:00:01.024057   Object           <integer> = 0x00007f0c44006420 (139 690 657 211 424)
00:00:01.024057   ObjectVRDPServer <integer> = 0x00007f0c44006930 (139 690 657 212 720)
00:00:01.024057   StreamName       <string>  = "ClientDocker" (cb=13)
00:00:01.024057 
00:00:01.024057 [/Devices/ichac97/0/LUN#1/Config/] (level 5)
00:00:01.024057   DebugEnabled  <integer> = 0x0000000000000000 (0)
00:00:01.024057   DebugPathOut  <string>  = "" (cb=1)
00:00:01.024057   DriverName    <string>  = "AudioVRDE" (cb=10)
00:00:01.024057   InputEnabled  <integer> = 0x0000000000000000 (0)
00:00:01.024057   OutputEnabled <integer> = 0x0000000000000000 (0)
00:00:01.024057 
00:00:01.024057 [/Devices/ioapic/] (level 2)
00:00:01.024057 
00:00:01.024057 [/Devices/ioapic/0/] (level 3)
00:00:01.024057   Trusted <integer> = 0x0000000000000001 (1)
00:00:01.024057 
00:00:01.024057 [/Devices/ioapic/0/Config/] (level 4)
00:00:01.024057   NumCPUs <integer> = 0x0000000000000001 (1)
00:00:01.024057 
00:00:01.024057 [/Devices/mc146818/] (level 2)
00:00:01.024057 
00:00:01.024057 [/Devices/mc146818/0/] (level 3)
00:00:01.024057 
00:00:01.024057 [/Devices/mc146818/0/Config/] (level 4)
00:00:01.024057   UseUTC <integer> = 0x0000000000000001 (1)
00:00:01.024057 
00:00:01.024057 [/Devices/parallel/] (level 2)
00:00:01.024057 
00:00:01.024057 [/Devices/pcarch/] (level 2)
00:00:01.024057 
00:00:01.024057 [/Devices/pcarch/0/] (level 3)
00:00:01.024057   Trusted <integer> = 0x0000000000000001 (1)
00:00:01.024057 
00:00:01.024057 [/Devices/pcarch/0/Config/] (level 4)
00:00:01.024057 
00:00:01.024057 [/Devices/pcbios/] (level 2)
00:00:01.024057 
00:00:01.024057 [/Devices/pcbios/0/] (level 3)
00:00:01.024057   Trusted <integer> = 0x0000000000000001 (1)
00:00:01.024057 
00:00:01.024057 [/Devices/pcbios/0/Config/] (level 4)
00:00:01.024057   APIC               <integer> = 0x0000000000000001 (1)
00:00:01.024057   BootDevice0        <string>  = "DVD" (cb=4)
00:00:01.024057   BootDevice1        <string>  = "DVD" (cb=4)
00:00:01.024057   BootDevice2        <string>  = "IDE" (cb=4)
00:00:01.024057   BootDevice3        <string>  = "NONE" (cb=5)
00:00:01.024057   FloppyDevice       <string>  = "i82078" (cb=7)
00:00:01.024057   HardDiskDevice     <string>  = "piix3ide" (cb=9)
00:00:01.024057   IOAPIC             <integer> = 0x0000000000000001 (1)
00:00:01.024057   McfgBase           <integer> = 0x0000000000000000 (0)
00:00:01.024057   McfgLength         <integer> = 0x0000000000000000 (0)
00:00:01.024058   NumCPUs            <integer> = 0x0000000000000001 (1)
00:00:01.024058   PXEDebug           <integer> = 0x0000000000000000 (0)
00:00:01.024058   SataHardDiskDevice <string>  = "ahci" (cb=5)
00:00:01.024058   SataLUN1           <integer> = 0x0000000000000001 (1)
00:00:01.024058   UUID               <bytes>   = "8c d2 53 74 57 1d 30 41 82 a3 fe 9a 0b 17 05 77" (cb=16)
00:00:01.024058 
00:00:01.024058 [/Devices/pcbios/0/Config/NetBoot/] (level 5)
00:00:01.024058 
00:00:01.024058 [/Devices/pcbios/0/Config/NetBoot/0/] (level 6)
00:00:01.024058   NIC           <integer> = 0x0000000000000000 (0)
00:00:01.024058   PCIBusNo      <integer> = 0x0000000000000000 (0)
00:00:01.024058   PCIDeviceNo   <integer> = 0x0000000000000003 (3)
00:00:01.024058   PCIFunctionNo <integer> = 0x0000000000000000 (0)
00:00:01.024058 
00:00:01.024058 [/Devices/pci/] (level 2)
00:00:01.024058 
00:00:01.024058 [/Devices/pci/0/] (level 3)
00:00:01.024058   Trusted <integer> = 0x0000000000000001 (1)
00:00:01.024058 
00:00:01.024058 [/Devices/pci/0/Config/] (level 4)
00:00:01.024058   IOAPIC <integer> = 0x0000000000000001 (1)
00:00:01.024058 
00:00:01.024058 [/Devices/pcibridge/] (level 2)
00:00:01.024058 
00:00:01.024058 [/Devices/pckbd/] (level 2)
00:00:01.024058 
00:00:01.024058 [/Devices/pckbd/0/] (level 3)
00:00:01.024058   Trusted <integer> = 0x0000000000000001 (1)
00:00:01.024058 
00:00:01.024058 [/Devices/pckbd/0/Config/] (level 4)
00:00:01.024058 
00:00:01.024058 [/Devices/pckbd/0/LUN#0/] (level 4)
00:00:01.024058   Driver <string>  = "KeyboardQueue" (cb=14)
00:00:01.024058 
00:00:01.024058 [/Devices/pckbd/0/LUN#0/AttachedDriver/] (level 5)
00:00:01.024058   Driver <string>  = "MainKeyboard" (cb=13)
00:00:01.024058 
00:00:01.024058 [/Devices/pckbd/0/LUN#0/AttachedDriver/Config/] (level 6)
00:00:01.024058   Object <integer> = 0x0000560a1201a100 (94 601 251 758 336)
00:00:01.024058 
00:00:01.024058 [/Devices/pckbd/0/LUN#0/Config/] (level 5)
00:00:01.024058   QueueSize <integer> = 0x0000000000000040 (64)
00:00:01.024058 
00:00:01.024058 [/Devices/pckbd/0/LUN#1/] (level 4)
00:00:01.024058   Driver <string>  = "MouseQueue" (cb=11)
00:00:01.024058 
00:00:01.024058 [/Devices/pckbd/0/LUN#1/AttachedDriver/] (level 5)
00:00:01.024058   Driver <string>  = "MainMouse" (cb=10)
00:00:01.024058 
00:00:01.024058 [/Devices/pckbd/0/LUN#1/AttachedDriver/Config/] (level 6)
00:00:01.024058   Object <integer> = 0x00007f0c4400dee0 (139 690 657 242 848)
00:00:01.024058 
00:00:01.024058 [/Devices/pckbd/0/LUN#1/Config/] (level 5)
00:00:01.024058   QueueSize <integer> = 0x0000000000000080 (128)
00:00:01.024058 
00:00:01.024058 [/Devices/pcnet/] (level 2)
00:00:01.024058 
00:00:01.024058 [/Devices/serial/] (level 2)
00:00:01.024058 
00:00:01.024058 [/Devices/vga/] (level 2)
00:00:01.024058 
00:00:01.024058 [/Devices/vga/0/] (level 3)
00:00:01.024058   PCIBusNo      <integer> = 0x0000000000000000 (0)
00:00:01.024058   PCIDeviceNo   <integer> = 0x0000000000000002 (2)
00:00:01.024058   PCIFunctionNo <integer> = 0x0000000000000000 (0)
00:00:01.024058   Trusted       <integer> = 0x0000000000000001 (1)
00:00:01.024058 
00:00:01.024058 [/Devices/vga/0/Config/] (level 4)
00:00:01.024058   CustomVideoModes <integer> = 0x0000000000000000 (0)
00:00:01.024058   FadeIn           <integer> = 0x0000000000000000 (0)
00:00:01.024058   FadeOut          <integer> = 0x0000000000000000 (0)
00:00:01.024058   HeightReduction  <integer> = 0x0000000000000000 (0)
00:00:01.024058   LogoFile         <string>  = "" (cb=1)
00:00:01.024058   LogoTime         <integer> = 0x0000000000000000 (0)
00:00:01.024058   MonitorCount     <integer> = 0x0000000000000001 (1)
00:00:01.024058   ShowBootMenu     <integer> = 0x0000000000000000 (0)
00:00:01.024058   VRamSize         <integer> = 0x0000000000800000 (8 388 608, 8 MB)
00:00:01.024058 
00:00:01.024058 [/Devices/vga/0/LUN#0/] (level 4)
00:00:01.024058   Driver <string>  = "MainDisplay" (cb=12)
00:00:01.024058 
00:00:01.024058 [/Devices/vga/0/LUN#0/Config/] (level 5)
00:00:01.024058   Object <integer> = 0x00007f0c44002920 (139 690 657 196 320)
00:00:01.024058 
00:00:01.024058 [/Devices/vga/0/LUN#999/] (level 4)
00:00:01.024058   Driver <string>  = "MainStatus" (cb=11)
00:00:01.024058 
00:00:01.024058 [/Devices/vga/0/LUN#999/Config/] (level 5)
00:00:01.024058   First   <integer> = 0x0000000000000000 (0)
00:00:01.024058   Last    <integer> = 0x0000000000000000 (0)
00:00:01.024058   papLeds <integer> = 0x00007f0c44001be8 (139 690 657 192 936)
00:00:01.024058 
00:00:01.024058 [/Devices/virtio-net/] (level 2)
00:00:01.024058 
00:00:01.024058 [/EM/] (level 1)
00:00:01.024058   TripleFaultReset <integer> = 0x0000000000000000 (0)
00:00:01.024058 
00:00:01.024058 [/GIM/] (level 1)
00:00:01.024058   Provider <string>  = "KVM" (cb=4)
00:00:01.024058 
00:00:01.024058 [/HM/] (level 1)
00:00:01.024058   64bitEnabled       <integer> = 0x0000000000000001 (1)
00:00:01.024058   EnableLargePages   <integer> = 0x0000000000000001 (1)
00:00:01.024058   EnableNestedPaging <integer> = 0x0000000000000001 (1)
00:00:01.024058   EnableUX           <integer> = 0x0000000000000001 (1)
00:00:01.024058   EnableVPID         <integer> = 0x0000000000000001 (1)
00:00:01.024058   Exclusive          <integer> = 0x0000000000000001 (1)
00:00:01.024058   HMForced           <integer> = 0x0000000000000001 (1)
00:00:01.024058   IBPBOnVMEntry      <integer> = 0x0000000000000000 (0)
00:00:01.024058   IBPBOnVMExit       <integer> = 0x0000000000000000 (0)
00:00:01.024058   SpecCtrlByHost     <integer> = 0x0000000000000000 (0)
00:00:01.024058 
00:00:01.024058 [/MM/] (level 1)
00:00:01.024058   CanUseLargerHeap <integer> = 0x0000000000000000 (0)
00:00:01.024058 
00:00:01.024058 [/PDM/] (level 1)
00:00:01.024058 
00:00:01.024058 [/PDM/AsyncCompletion/] (level 2)
00:00:01.024058 
00:00:01.024058 [/PDM/AsyncCompletion/File/] (level 3)
00:00:01.024058 
00:00:01.024058 [/PDM/AsyncCompletion/File/BwGroups/] (level 4)
00:00:01.024058 
00:00:01.024058 [/PDM/BlkCache/] (level 2)
00:00:01.024058   CacheSize <integer> = 0x0000000000500000 (5 242 880, 5 MB)
00:00:01.024058 
00:00:01.024058 [/PDM/Devices/] (level 2)
00:00:01.024058 
00:00:01.024058 [/PDM/Drivers/] (level 2)
00:00:01.024058 
00:00:01.024058 [/PDM/Drivers/VBoxC/] (level 3)
00:00:01.024058   Path <string>  = "/usr/lib/virtualbox/components/VBoxC" (cb=37)
00:00:01.024058 
00:00:01.024058 [/PDM/NetworkShaper/] (level 2)
00:00:01.024058 
00:00:01.024058 [/PDM/NetworkShaper/BwGroups/] (level 3)
00:00:01.024058 
00:00:01.024058 [/TM/] (level 1)
00:00:01.024058   UTCOffset <integer> = 0x0000000000000000 (0)
00:00:01.024058 
00:00:01.024058 ********************* End of CFGM dump **********************
00:00:01.024058 VM: fHMEnabled=true  (configured) fRecompileUser=false fRecompileSupervisor=false
00:00:01.024058 VM: fRawRing1Enabled=false CSAM=true  PATM=true 
00:00:01.030035 HM: HMR3Init: VT-x w/ nested paging and unrestricted guest execution hw support
00:00:01.030073 MM: cbHyperHeap=0x100000 (1048576)
00:00:01.051694 CPUM: fXStateHostMask=0x7; initial: 0x7; host XCR0=0x1f
00:00:01.058227 CPUM: Matched host CPU INTEL 0x6/0x4e/0x3 Intel_Core7_Skylake with CPU DB entry 'Intel Core i7-6700K' (INTEL 0x6/0x5e/0x3 Intel_Core7_Skylake)
00:00:01.059123 CPUM: MXCSR_MASK=0xffff (host: 0xffff)
00:00:01.059175 CPUM: Microcode revision 0x000000C2
00:00:01.059184 CPUM: Changing leaf 13[0]: EBX=0x440 -> 0x340, ECX=0x440 -> 0x340
00:00:01.059212 CPUM: SetGuestCpuIdFeature: Enabled PAE
00:00:01.060057 PGM: HCPhysInterPD=000000000839a000 HCPhysInterPaePDPT=0000000015822000 HCPhysInterPaePML4=000000000f67f000
00:00:01.060057 PGM: apInterPTs={000000000e72a000,000000001583b000} apInterPaePTs={000000027810f000,0000000272840000} apInterPaePDs={000000011022e000,000000026f073000,0000000263ff6000,000000026e0ad000} pInterPaePDPT64=0000000015820000
00:00:01.060057 PGM: Host paging mode: AMD64+PGE+NX
00:00:01.060057 PGM: PGMPool: cMaxPages=560 (u64MaxPages=545)
00:00:01.060057 PGM: pgmR3PoolInit: cMaxPages=0x230 cMaxUsers=0x460 cMaxPhysExts=0x460 fCacheEnable=true 
00:00:01.105663 TM: GIP - u32Mode=3 (Invariant) u32UpdateHz=83 u32UpdateIntervalNS=12000000 enmUseTscDelta=2 (Pratically Zero) fGetGipCpu=0xb cCpus=4
00:00:01.105683 TM: GIP - u64CpuHz=2 591 950 014 (0x9a7e04be)  SUPGetCpuHzFromGip => 2 591 950 014
00:00:01.105689 TM: GIP - CPU: iCpuSet=0x0 idCpu=0x0 idApic=0x0 iGipCpu=0x1 i64TSCDelta=0 enmState=3 u64CpuHz=2591924354(*) cErrors=0
00:00:01.105694 TM: GIP - CPU: iCpuSet=0x1 idCpu=0x1 idApic=0x2 iGipCpu=0x3 i64TSCDelta=0 enmState=3 u64CpuHz=2591950014(*) cErrors=0
00:00:01.105698 TM: GIP - CPU: iCpuSet=0x2 idCpu=0x2 idApic=0x1 iGipCpu=0x2 i64TSCDelta=0 enmState=3 u64CpuHz=2591950014(*) cErrors=0
00:00:01.105702 TM: GIP - CPU: iCpuSet=0x3 idCpu=0x3 idApic=0x3 iGipCpu=0x0 i64TSCDelta=0 enmState=3 u64CpuHz=2591950014(*) cErrors=0
00:00:01.105758 TM: cTSCTicksPerSecond=2 591 950 014 (0x9a7e04be) enmTSCMode=3 (Dynamic)
00:00:01.105761 TM: TSCTiedToExecution=false TSCNotTiedToHalt=false
00:00:01.108240 VMM: CoreCode: R3=00007f0c5e1c7000 R0=XXXXXXXXXXXXXXXX RC=a055b000 Phys=0000000005bdb000 cb=0x1000
00:00:01.108368 IEM: TargetCpu=CURRENT, Microarch=Intel_Core7_Skylake
00:00:01.108671 GIM: Using provider 'KVM' (Implementation version: 0)
00:00:01.108678 CPUM: SetGuestCpuIdFeature: Enabled Hypervisor Present bit
00:00:01.212195 AIOMgr: Default manager type is 'Async'
00:00:01.212211 AIOMgr: Default file backend is 'NonBuffered'
00:00:01.212471 BlkCache: Cache successfully initialized. Cache size is 5242880 bytes
00:00:01.212477 BlkCache: Cache commit interval is 10000 ms
00:00:01.212480 BlkCache: Cache commit threshold is 2621440 bytes
00:00:01.252943 PcBios: [SMP] BIOS with 1 CPUs
00:00:01.253753 PcBios: Using the 386+ BIOS image.
00:00:01.254287 PcBios: MPS table at 000e1300
00:00:01.255216 PcBios: fCheckShutdownStatusForSoftReset=true   fClearShutdownStatusOnHardReset=true 
00:00:01.262544 SUP: Opened VBoxDDR0.r0 (/usr/lib/virtualbox/VBoxDDR0.r0) at 0xXXXXXXXXXXXXXXXX.
00:00:01.263338 CPUM: SetGuestCpuIdFeature: Enabled xAPIC
00:00:01.263656 IOAPIC: Using implementation 2.0!
00:00:01.263722 PIT: mode=3 count=0x10000 (65536) - 18.20 Hz (ch=0)
00:00:01.285165 Shared Folders service loaded
00:00:01.299343 VGA: Using the 386+ BIOS image.
00:00:01.308000 DrvVD: Flushes will be ignored
00:00:01.308015 DrvVD: Async flushes will be passed to the disk
00:00:01.310616 VD: VDInit finished with VINF_SUCCESS
00:00:01.310656 VD: Opening the disk took 183439 ns
00:00:01.310711 AHCI: LUN#0: CD/DVD
00:00:01.313914 DrvVD: Flushes will be ignored
00:00:01.313925 DrvVD: Async flushes will be passed to the disk
00:00:01.376445 VD: Opening the disk took 60133424 ns
00:00:01.376495 AHCI: LUN#1: disk, PCHS=16383/16/63, total number of sectors 40960000
00:00:01.376590 AHCI: Port2: No driver attached
00:00:01.376595 AHCI: Port3: No driver attached
00:00:01.376598 AHCI: Port4: No driver attached
00:00:01.376601 AHCI: Port5: No driver attached
00:00:01.376604 AHCI: Port6: No driver attached
00:00:01.376608 AHCI: Port7: No driver attached
00:00:01.376611 AHCI: Port8: No driver attached
00:00:01.376615 AHCI: Port9: No driver attached
00:00:01.376618 AHCI: Port10: No driver attached
00:00:01.376621 AHCI: Port11: No driver attached
00:00:01.376624 AHCI: Port12: No driver attached
00:00:01.376627 AHCI: Port13: No driver attached
00:00:01.376630 AHCI: Port14: No driver attached
00:00:01.376633 AHCI: Port15: No driver attached
00:00:01.376637 AHCI: Port16: No driver attached
00:00:01.376640 AHCI: Port17: No driver attached
00:00:01.376643 AHCI: Port18: No driver attached
00:00:01.376649 AHCI: Port19: No driver attached
00:00:01.376653 AHCI: Port20: No driver attached
00:00:01.376656 AHCI: Port21: No driver attached
00:00:01.376659 AHCI: Port22: No driver attached
00:00:01.376662 AHCI: Port23: No driver attached
00:00:01.376665 AHCI: Port24: No driver attached
00:00:01.376668 AHCI: Port25: No driver attached
00:00:01.376672 AHCI: Port26: No driver attached
00:00:01.376675 AHCI: Port27: No driver attached
00:00:01.376678 AHCI: Port28: No driver attached
00:00:01.376681 AHCI: Port29: No driver attached
00:00:01.376703 AHCI#0: Reset the HBA
00:00:01.376706 VD#1: Cancelling all active requests
00:00:01.377210 E1000#0 Chip=82540EM LinkUpDelay=3000ms EthernetCRC=on GSO=enabled Itr=disabled ItrRx=enabled TID=disabled R0=enabled GC=enabled
00:00:01.384447 NAT: Guest address guess set to 10.0.2.15 by initialization
00:00:01.384554 NAT: resolv.conf: nameserver 127.0.0.53
00:00:01.384566 NAT: DNS server 127.0.0.53 registration detected, switching to the DNS proxy
00:00:01.384571 NAT: DNS#0: 127.0.0.53
00:00:01.384612 NAT: Set redirect TCP 127.0.0.1:43483 -> 0.0.0.0:22
00:00:01.384913 E1000#1 Chip=82540EM LinkUpDelay=3000ms EthernetCRC=on GSO=enabled Itr=disabled ItrRx=enabled TID=disabled R0=enabled GC=enabled
00:00:01.385019 IntNet#0: szNetwork={HostInterfaceNetworking-vboxnet0} enmTrunkType=3 szTrunk={vboxnet0} fFlags=0x8000 cbRecv=325632 cbSend=196608 fIgnoreConnectFailure=false
00:00:01.385795 Audio: Initializing PulseAudio driver
00:00:01.669300 Audio: Initializing VRDE driver
00:00:01.669335 AC97: Reset
00:00:01.669691 PGM: The CPU physical address width is 39 bits
00:00:01.669705 PGM: PGMR3InitFinalize: 4 MB PSE mask 0000007fffffffff
00:00:01.669737 TM: TMR3InitFinalize: fTSCModeSwitchAllowed=true 
00:00:01.672057 VMM: Enabled thread-context hooks
00:00:01.672057 HM: fWorldSwitcher=0x0 (fIbpbOnVmExit=0 fIbpbOnVmEntry=0)
00:00:01.672057 HM: Using VT-x implementation 2.0
00:00:01.672057 HM: Host CR4                        = 0x3606f0
00:00:01.672057 HM: Host EFER                       = 0xd01
00:00:01.672057 HM: MSR_IA32_SMM_MONITOR_CTL        = 0x0
00:00:01.672057 HM: MSR_IA32_FEATURE_CONTROL        = 0x5
00:00:01.672057 HM: MSR_IA32_VMX_BASIC_INFO         = 0xda040000000004
00:00:01.672057 HM:   VMCS id                         = 0x4
00:00:01.672057 HM:   VMCS size                       = 1024 bytes
00:00:01.672057 HM:   VMCS physical address limit     = None
00:00:01.672057 HM:   VMCS memory type                = 0x6
00:00:01.672057 HM:   Dual-monitor treatment support  = true 
00:00:01.672057 HM:   OUTS & INS instruction-info     = false
00:00:01.672057 HM:   Supports true capability MSRs   = false
00:00:01.672057 HM: Max resume loops                = 8192
00:00:01.672057 HM: MSR_IA32_VMX_PINBASED_CTLS      = 0x7f00000016
00:00:01.672057 HM:   EXT_INT_EXIT
00:00:01.672057 HM:   NMI_EXIT
00:00:01.672057 HM:   VIRTUAL_NMI
00:00:01.672057 HM:   PREEMPT_TIMER
00:00:01.672057 HM:   POSTED_INTR (must be cleared)
00:00:01.672057 HM: MSR_IA32_VMX_PROCBASED_CTLS     = 0xfff9fffe0401e172
00:00:01.672057 HM:   INT_WINDOW_EXIT
00:00:01.672057 HM:   USE_TSC_OFFSETTING
00:00:01.672057 HM:   HLT_EXIT
00:00:01.672057 HM:   INVLPG_EXIT
00:00:01.672057 HM:   MWAIT_EXIT
00:00:01.672057 HM:   RDPMC_EXIT
00:00:01.672057 HM:   RDTSC_EXIT
00:00:01.672057 HM:   CR3_LOAD_EXIT (must be set)
00:00:01.672057 HM:   CR3_STORE_EXIT (must be set)
00:00:01.672057 HM:   CR8_LOAD_EXIT
00:00:01.672057 HM:   CR8_STORE_EXIT
00:00:01.672057 HM:   USE_TPR_SHADOW
00:00:01.672057 HM:   NMI_WINDOW_EXIT
00:00:01.672057 HM:   MOV_DR_EXIT
00:00:01.672057 HM:   UNCOND_IO_EXIT
00:00:01.672057 HM:   USE_IO_BITMAPS
00:00:01.672057 HM:   MONITOR_TRAP_FLAG
00:00:01.672057 HM:   USE_MSR_BITMAPS
00:00:01.672057 HM:   MONITOR_EXIT
00:00:01.672057 HM:   PAUSE_EXIT
00:00:01.672057 HM:   USE_SECONDARY_EXEC_CTRL
00:00:01.672057 HM: MSR_IA32_VMX_PROCBASED_CTLS2    = 0x1fbcff00000000
00:00:01.672057 HM:   VIRT_APIC
00:00:01.672057 HM:   EPT
00:00:01.672057 HM:   DESCRIPTOR_TABLE_EXIT
00:00:01.672057 HM:   RDTSCP
00:00:01.672057 HM:   VIRT_X2APIC
00:00:01.672057 HM:   VPID
00:00:01.672057 HM:   WBINVD_EXIT
00:00:01.672057 HM:   UNRESTRICTED_GUEST
00:00:01.672057 HM:   APIC_REG_VIRT (must be cleared)
00:00:01.672057 HM:   VIRT_INTR_DELIVERY (must be cleared)
00:00:01.672057 HM:   PAUSE_LOOP_EXIT
00:00:01.672057 HM:   RDRAND_EXIT
00:00:01.672057 HM:   INVPCID
00:00:01.672057 HM:   VMFUNC
00:00:01.672057 HM:   VMCS_SHADOWING (must be cleared)
00:00:01.672057 HM:   ENCLS_EXIT
00:00:01.672057 HM:   RDSEED_EXIT
00:00:01.672057 HM:   PML
00:00:01.672057 HM:   EPT_VE
00:00:01.672057 HM:   CONCEAL_FROM_PT
00:00:01.672057 HM:   XSAVES_XRSTORS
00:00:01.672057 HM:   TSC_SCALING (must be cleared)
00:00:01.672057 HM: MSR_IA32_VMX_ENTRY_CTLS         = 0x3ffff000011ff
00:00:01.672057 HM:   LOAD_DEBUG (must be set)
00:00:01.672057 HM:   IA32E_MODE_GUEST
00:00:01.672057 HM:   ENTRY_SMM
00:00:01.672057 HM:   DEACTIVATE_DUALMON
00:00:01.672057 HM:   LOAD_GUEST_PERF_MSR
00:00:01.672057 HM:   LOAD_GUEST_PAT_MSR
00:00:01.672057 HM:   LOAD_GUEST_EFER_MSR
00:00:01.672057 HM: MSR_IA32_VMX_EXIT_CTLS          = 0x1ffffff00036dff
00:00:01.672057 HM:   SAVE_DEBUG (must be set)
00:00:01.672057 HM:   HOST_ADDR_SPACE_SIZE
00:00:01.672057 HM:   LOAD_PERF_MSR
00:00:01.672057 HM:   ACK_EXT_INT
00:00:01.672057 HM:   SAVE_GUEST_PAT_MSR
00:00:01.672057 HM:   LOAD_HOST_PAT_MSR
00:00:01.672057 HM:   SAVE_GUEST_EFER_MSR
00:00:01.672057 HM:   LOAD_HOST_EFER_MSR
00:00:01.672057 HM:   SAVE_VMX_PREEMPT_TIMER
00:00:01.672057 HM: MSR_IA32_VMX_EPT_VPID_CAP       = 0xf0106334141
00:00:01.672057 HM:   RWX_X_ONLY
00:00:01.672057 HM:   PAGE_WALK_LENGTH_4
00:00:01.672057 HM:   EMT_UC
00:00:01.672057 HM:   EMT_WB
00:00:01.672057 HM:   PDE_2M
00:00:01.672057 HM:   PDPTE_1G
00:00:01.672057 HM:   INVEPT
00:00:01.672057 HM:   EPT_ACCESS_DIRTY
00:00:01.672057 HM:   INVEPT_SINGLE_CONTEXT
00:00:01.672057 HM:   INVEPT_ALL_CONTEXTS
00:00:01.672057 HM:   INVVPID
00:00:01.672057 HM:   INVVPID_INDIV_ADDR
00:00:01.672057 HM:   INVVPID_SINGLE_CONTEXT
00:00:01.672057 HM:   INVVPID_ALL_CONTEXTS
00:00:01.672057 HM:   INVVPID_SINGLE_CONTEXT_RETAIN_GLOBALS
00:00:01.672057 HM: MSR_IA32_VMX_MISC               = 0x7004c1e7
00:00:01.672057 HM:   PREEMPT_TSC_BIT                 = 0x7
00:00:01.672057 HM:   STORE_EFERLMA_VMEXIT            = true 
00:00:01.672057 HM:   ACTIVITY_STATES                 = 0x7
00:00:01.672057 HM:   CR3_TARGET                      = 0x4
00:00:01.672057 HM:   MAX_MSR                         = 512
00:00:01.672057 HM:   RDMSR_SMBASE_MSR_SMM            = true 
00:00:01.672057 HM:   SMM_MONITOR_CTL_B2              = true 
00:00:01.672057 HM:   VMWRITE_VMEXIT_INFO             = true 
00:00:01.672057 HM:   MSEG_ID                         = 0x0
00:00:01.672057 HM: MSR_IA32_VMX_CR0_FIXED0         = 0x80000021
00:00:01.672057 HM: MSR_IA32_VMX_CR0_FIXED1         = 0xffffffff
00:00:01.672057 HM: MSR_IA32_VMX_CR4_FIXED0         = 0x2000
00:00:01.672057 HM: MSR_IA32_VMX_CR4_FIXED1         = 0x3727ff
00:00:01.672057 HM: MSR_IA32_VMX_VMCS_ENUM          = 0x2e
00:00:01.672057 HM:   HIGHEST_INDEX                   = 0x17
00:00:01.672057 HM: MSR_IA32_VMX_VMFUNC             = 0x1
00:00:01.672057 HM:   EPTP_SWITCHING
00:00:01.672057 HM: APIC-access page physaddr       = 0x0000000016db0000
00:00:01.672057 HM: VCPU  0: MSR bitmap physaddr    = 0x000000001086f000
00:00:01.672057 HM: VCPU  0: VMCS physaddr          = 0x0000000007c32000
00:00:01.672057 HM: Guest support: 32-bit and 64-bit
00:00:01.672057 HM: Supports VMCS EFER fields       = true 
00:00:01.672057 HM: Enabled VMX
00:00:01.672057 CPUM: SetGuestCpuIdFeature: Enabled SYSENTER/EXIT
00:00:01.672057 CPUM: SetGuestCpuIdFeature: Enabled PAE
00:00:01.672057 CPUM: SetGuestCpuIdFeature: Enabled LONG MODE
00:00:01.672057 CPUM: SetGuestCpuIdFeature: Enabled SYSCALL/RET
00:00:01.672057 CPUM: SetGuestCpuIdFeature: Enabled LAHF/SAHF
00:00:01.672057 CPUM: SetGuestCpuIdFeature: Enabled NX
00:00:01.672057 HM: Enabled nested paging
00:00:01.672057 HM:   EPT flush type                = VMXFLUSHEPT_SINGLE_CONTEXT
00:00:01.672057 HM: Enabled unrestricted guest execution
00:00:01.672057 HM: Enabled large page support
00:00:01.672057 HM: Enabled VPID
00:00:01.672057 HM:   VPID flush type               = VMXFLUSHVPID_SINGLE_CONTEXT
00:00:01.672057 HM: Enabled VMX-preemption timer (cPreemptTimerShift=7)
00:00:01.672057 HM: VT-x/AMD-V init method: GLOBAL
00:00:01.672057 VMM: fUsePeriodicPreemptionTimers=false
00:00:01.672057 CPUM: Logical host processors: 4 present, 4 max, 4 online, online mask: 000000000000000f
00:00:01.672057 CPUM: Physical host cores: 2
00:00:01.672057 ************************* CPUID dump ************************
00:00:01.672057          Raw Standard CPUID Leaves
00:00:01.672057      Leaf/sub-leaf  eax      ebx      ecx      edx
00:00:01.672057 Gst: 00000000/0000  00000016 756e6547 6c65746e 49656e69
00:00:01.672057 Hst:                00000016 756e6547 6c65746e 49656e69
00:00:01.672057 Gst: 00000001/0000  000406e3 00000800 d6da220b 078bfbff
00:00:01.672057 Hst:                000406e3 00100800 7ffafbbf bfebfbff
00:00:01.672057 Gst: 00000002/0000  76036301 00f0b5ff 00000000 00c30000
00:00:01.672057 Hst:                76036301 00f0b5ff 00000000 00c30000
00:00:01.672057 Gst: 00000003/0000  00000000 00000000 00000000 00000000
00:00:01.672057 Hst:                00000000 00000000 00000000 00000000
00:00:01.672057 Gst: 00000004/0000  00000121 01c0003f 0000003f 00000000
00:00:01.672057 Hst:                1c004121 01c0003f 0000003f 00000000
00:00:01.672057 Gst: 00000004/0001  00000122 01c0003f 0000003f 00000000
00:00:01.672057 Hst:                1c004122 01c0003f 0000003f 00000000
00:00:01.676180 Gst: 00000004/0002  00000143 00c0003f 000003ff 00000000
00:00:01.676182 Hst:                1c004143 00c0003f 000003ff 00000000
00:00:01.676184 Gst: 00000004/0003  00000163 03c0003f 00000fff 00000006
00:00:01.676186 Hst:                1c03c163 03c0003f 00000fff 00000006
00:00:01.676187 Gst: 00000004/0004  00000000 00000000 00000000 00000000
00:00:01.676189 Hst:                00000000 00000000 00000000 00000000
00:00:01.676190 Gst: 00000005/0000  00000040 00000040 00000000 00000000
00:00:01.676191 Hst:                00000040 00000040 00000003 11142120
00:00:01.676193 Gst: 00000006/0000  00000000 00000000 00000000 00000000
00:00:01.676194 Hst:                000027f7 00000002 00000009 00000000
00:00:01.676196 Gst: 00000007/0000  00000000 00842421 00000000 00000000
00:00:01.676197 Hst:                00000000 029c67af 00000000 0c000000
00:00:01.676199 Gst: 00000007/0001  00000000 00000000 00000000 00000000
00:00:01.676200 Hst:                00000000 00000000 00000000 00000000
00:00:01.676201 Gst: 00000008/0000  00000000 00000000 00000000 00000000
00:00:01.676202 Hst:                00000000 00000000 00000000 00000000
00:00:01.676204 Gst: 00000009/0000  00000000 00000000 00000000 00000000
00:00:01.676205 Hst:                00000000 00000000 00000000 00000000
00:00:01.676206 Gst: 0000000a/0000  00000000 00000000 00000000 00000000
00:00:01.676207 Hst:                07300404 00000000 00000000 00000603
00:00:01.676208 Gst: 0000000b/0000  00000000 00000001 00000100 00000000
00:00:01.676210 Hst:                00000001 00000002 00000100 00000000
00:00:01.676211 Gst: 0000000b/0001  00000001 00000001 00000201 00000000
00:00:01.676212 Hst:                00000004 00000004 00000201 00000000
00:00:01.676214 Gst: 0000000b/0002  00000000 00000000 00000002 00000000
00:00:01.676215 Hst:                00000000 00000000 00000002 00000000
00:00:01.676216 Gst: 0000000c/0000  00000000 00000000 00000000 00000000
00:00:01.676217 Hst:                00000000 00000000 00000000 00000000
00:00:01.676218 Gst: 0000000d/0000  00000007 00000340 00000340 00000000
00:00:01.676220 Hst:                0000001f 00000440 00000440 00000000
00:00:01.676221 Gst: 0000000d/0001  00000000 000003c0 00000000 00000000
00:00:01.676222 Hst:                0000000f 000003c0 00000100 00000000
00:00:01.676224 Gst: 0000000d/0002  00000100 00000240 00000000 00000000
00:00:01.676225 Hst:                00000100 00000240 00000000 00000000
00:00:01.676226 Gst: 0000000d/0003  00000000 00000000 00000000 00000000
00:00:01.676227 Hst:                00000040 000003c0 00000000 00000000
00:00:01.676229 Gst: 0000000d/0004  00000000 00000000 00000000 00000000
00:00:01.676230 Hst:                00000040 00000400 00000000 00000000
00:00:01.676231 Gst: 0000000d/0005  00000000 00000000 00000000 00000000
00:00:01.676232 Hst:                00000000 00000000 00000000 00000000
00:00:01.676234 Gst: 0000000d/0006  00000000 00000000 00000000 00000000
00:00:01.676235 Hst:                00000000 00000000 00000000 00000000
00:00:01.676236 Gst: 0000000d/0007  00000000 00000000 00000000 00000000
00:00:01.676237 Hst:                00000000 00000000 00000000 00000000
00:00:01.676238 Gst: 0000000d/0008  00000000 00000000 00000000 00000000
00:00:01.676240 Hst:                00000080 00000000 00000001 00000000
00:00:01.676241 Gst: 0000000d/0009  00000000 00000000 00000000 00000000
00:00:01.676242 Hst:                00000000 00000000 00000000 00000000
00:00:01.676266 Gst: 0000000e/0000  00000000 00000000 00000000 00000000
00:00:01.676268 Hst:                00000000 00000000 00000000 00000000
00:00:01.676269 Gst: 0000000f/0000  00000000 00000000 00000000 00000000
00:00:01.676270 Hst:                00000000 00000000 00000000 00000000
00:00:01.676271 Gst: 00000010/0000  00000000 00000000 00000000 00000000
00:00:01.676273 Hst:                00000000 00000000 00000000 00000000
00:00:01.676274 Gst: 00000011/0000  00000000 00000000 00000000 00000000
00:00:01.676275 Hst:                00000000 00000000 00000000 00000000
00:00:01.676276 Gst: 00000012/0000  00000000 00000000 00000000 00000000
00:00:01.676277 Hst:                00000000 00000000 00000000 00000000
00:00:01.676279 Gst: 00000013/0000  00000000 00000000 00000000 00000000
00:00:01.676280 Hst:                00000000 00000000 00000000 00000000
00:00:01.676281 Gst: 00000014/0000  00000000 00000000 00000000 00000000
00:00:01.676282 Hst:                00000001 0000000f 00000007 00000000
00:00:01.676284 Hst: 00000015/0000  00000002 000000d8 00000000 00000000
00:00:01.676286 Hst: 00000016/0000  00000a28 00000c1c 00000064 00000000
00:00:01.676287                                Name: GenuineIntel
00:00:01.676289                            Supports: 0x00000000-0x00000016
00:00:01.676291                              Family:  6 	Extended: 0 	Effective: 6
00:00:01.676293                               Model: 14 	Extended: 4 	Effective: 78
00:00:01.676294                            Stepping: 3
00:00:01.676296                                Type: 0 (primary)
00:00:01.676297                             APIC ID: 0x00
00:00:01.676299                        Logical CPUs: 0
00:00:01.676300                        CLFLUSH Size: 8
00:00:01.676301                            Brand ID: 0x00
00:00:01.676302 Features
00:00:01.676303   Mnemonic - Description                                  = guest (host)
00:00:01.676304   FPU - x87 FPU on Chip                                   = 1 (1)
00:00:01.676306   VME - Virtual 8086 Mode Enhancements                    = 1 (1)
00:00:01.676308   DE - Debugging extensions                               = 1 (1)
00:00:01.676310   PSE - Page Size Extension                               = 1 (1)
00:00:01.676311   TSC - Time Stamp Counter                                = 1 (1)
00:00:01.676313   MSR - Model Specific Registers                          = 1 (1)
00:00:01.676314   PAE - Physical Address Extension                        = 1 (1)
00:00:01.676316   MCE - Machine Check Exception                           = 1 (1)
00:00:01.676318   CX8 - CMPXCHG8B instruction                             = 1 (1)
00:00:01.676319   APIC - APIC On-Chip                                     = 1 (1)
00:00:01.676321   SEP - SYSENTER and SYSEXIT Present                      = 1 (1)
00:00:01.676322   MTRR - Memory Type Range Registers                      = 1 (1)
00:00:01.676324   PGE - PTE Global Bit                                    = 1 (1)
00:00:01.676325   MCA - Machine Check Architecture                        = 1 (1)
00:00:01.676327   CMOV - Conditional Move instructions                    = 1 (1)
00:00:01.676328   PAT - Page Attribute Table                              = 1 (1)
00:00:01.676330   PSE-36 - 36-bit Page Size Extension                     = 1 (1)
00:00:01.676331   PSN - Processor Serial Number                           = 0 (0)
00:00:01.676333   CLFSH - CLFLUSH instruction                             = 1 (1)
00:00:01.676334   DS - Debug Store                                        = 0 (1)
00:00:01.676336   ACPI - Thermal Mon. & Soft. Clock Ctrl.                 = 0 (1)
00:00:01.676337   MMX - Intel MMX Technology                              = 1 (1)
00:00:01.676339   FXSR - FXSAVE and FXRSTOR instructions                  = 1 (1)
00:00:01.676340   SSE - SSE support                                       = 1 (1)
00:00:01.676342   SSE2 - SSE2 support                                     = 1 (1)
00:00:01.676344   SS - Self Snoop                                         = 0 (1)
00:00:01.676345   HTT - Hyper-Threading Technology                        = 0 (1)
00:00:01.676347   TM - Therm. Monitor                                     = 0 (1)
00:00:01.676348   PBE - Pending Break Enabled                             = 0 (1)
00:00:01.676350   SSE3 - SSE3 support                                     = 1 (1)
00:00:01.676352   PCLMUL - PCLMULQDQ support (for AES-GCM)                = 1 (1)
00:00:01.676353   DTES64 - DS Area 64-bit Layout                          = 0 (1)
00:00:01.676355   MONITOR - MONITOR/MWAIT instructions                    = 1 (1)
00:00:01.676356   CPL-DS - CPL Qualified Debug Store                      = 0 (1)
00:00:01.676357   VMX - Virtual Machine Extensions                        = 0 (1)
00:00:01.676359   SMX - Safer Mode Extensions                             = 0 (0)
00:00:01.676360   EST - Enhanced SpeedStep Technology                     = 0 (1)
00:00:01.676362   TM2 - Terminal Monitor 2                                = 0 (1)
00:00:01.676363   SSSE3 - Supplemental Streaming SIMD Extensions 3        = 1 (1)
00:00:01.676365   CNTX-ID - L1 Context ID                                 = 0 (0)
00:00:01.676366   SDBG - Silicon Debug interface                          = 0 (1)
00:00:01.676368   FMA - Fused Multiply Add extensions                     = 0 (1)
00:00:01.676369   CX16 - CMPXCHG16B instruction                           = 1 (1)
00:00:01.676371   TPRUPDATE - xTPR Update Control                         = 0 (1)
00:00:01.676372   PDCM - Perf/Debug Capability MSR                        = 0 (1)
00:00:01.676374   PCID - Process Context Identifiers                      = 1 (1)
00:00:01.676375   DCA - Direct Cache Access                               = 0 (0)
00:00:01.676377   SSE4_1 - SSE4_1 support                                 = 1 (1)
00:00:01.676378   SSE4_2 - SSE4_2 support                                 = 1 (1)
00:00:01.676380   X2APIC - x2APIC support                                 = 0 (1)
00:00:01.676381   MOVBE - MOVBE instruction                               = 1 (1)
00:00:01.676383   POPCNT - POPCNT instruction                             = 1 (1)
00:00:01.676384   TSCDEADL - Time Stamp Counter Deadline                  = 0 (1)
00:00:01.676386   AES - AES instructions                                  = 1 (1)
00:00:01.676388   XSAVE - XSAVE instruction                               = 1 (1)
00:00:01.676389   OSXSAVE - OSXSAVE instruction                           = 0 (1)
00:00:01.676391   AVX - AVX support                                       = 1 (1)
00:00:01.676392   F16C - 16-bit floating point conversion instructions    = 0 (1)
00:00:01.676394   RDRAND - RDRAND instruction                             = 1 (1)
00:00:01.676395   HVP - Hypervisor Present (we're a guest)                = 1 (0)
00:00:01.676397 Structured Extended Feature Flags Enumeration (leaf 7):
00:00:01.676397   Mnemonic - Description                                  = guest (host)
00:00:01.676398   FSGSBASE - RDFSBASE/RDGSBASE/WRFSBASE/WRGSBASE instr.   = 1 (1)
00:00:01.676399   TSCADJUST - Supports MSR_IA32_TSC_ADJUST                = 0 (1)
00:00:01.676401   SGX - Supports Software Guard Extensions                = 0 (1)
00:00:01.676402   BMI1 - Advanced Bit Manipulation extension 1            = 0 (1)
00:00:01.676403   HLE - Hardware Lock Elision                             = 0 (0)
00:00:01.676405   AVX2 - Advanced Vector Extensions 2                     = 1 (1)
00:00:01.676406   FDP_EXCPTN_ONLY - FPU DP only updated on exceptions     = 0 (0)
00:00:01.676408   SMEP - Supervisor Mode Execution Prevention             = 0 (1)
00:00:01.676409   BMI2 - Advanced Bit Manipulation extension 2            = 0 (1)
00:00:01.676410   ERMS - Enhanced REP MOVSB/STOSB instructions            = 0 (1)
00:00:01.676412   INVPCID - INVPCID instruction                           = 1 (1)
00:00:01.676413   RTM - Restricted Transactional Memory                   = 0 (0)
00:00:01.676414   PQM - Platform Quality of Service Monitoring            = 0 (0)
00:00:01.676416   DEPFPU_CS_DS - Deprecates FPU CS, FPU DS values if set  = 1 (1)
00:00:01.676417   MPE - Intel Memory Protection Extensions                = 0 (1)
00:00:01.676418   PQE - Platform Quality of Service Enforcement           = 0 (0)
00:00:01.676419   AVX512F - AVX512 Foundation instructions                = 0 (0)
00:00:01.676421   RDSEED - RDSEED instruction                             = 1 (1)
00:00:01.676422   ADX - ADCX/ADOX instructions                            = 0 (1)
00:00:01.676424   SMAP - Supervisor Mode Access Prevention                = 0 (1)
00:00:01.676425   CLFLUSHOPT - CLFLUSHOPT (Cache Line Flush) instruction  = 1 (1)
00:00:01.676426   INTEL_PT - Intel Processor Trace                        = 0 (1)
00:00:01.676428   AVX512PF - AVX512 Prefetch instructions                 = 0 (0)
00:00:01.676429   AVX512ER - AVX512 Exponential & Reciprocal instructions = 0 (0)
00:00:01.676430   AVX512CD - AVX512 Conflict Detection instructions       = 0 (0)
00:00:01.676432   SHA - Secure Hash Algorithm extensions                  = 0 (0)
00:00:01.676433   PREFETCHWT1 - PREFETCHWT1 instruction                   = 0 (0)
00:00:01.676434   UMIP - User mode insturction prevention                 = 0 (0)
00:00:01.676436   PKU - Protection Key for Usermode pages                 = 0 (0)
00:00:01.676437   OSPKE - CR4.PKU mirror                                  = 0 (0)
00:00:01.676439   MAWAU - Value used by BNDLDX & BNDSTX                   = 0x0 (0x0)
00:00:01.676440   RDPID - Read processor ID support                       = 0 (0)
00:00:01.676442   SGX_LC - Supports SGX Launch Configuration              = 0 (0)
00:00:01.676443   IBRS_IBPB - IA32_SPEC_CTRL.IBRS and IA32_PRED_CMD.IBPB  = 0 (1)
00:00:01.676444   STIBP - Supports IA32_SPEC_CTRL.STIBP                   = 0 (1)
00:00:01.676446   ARCHCAP - Supports IA32_ARCH_CAP                        = 0 (0)
00:00:01.676448 Processor Extended State Enumeration (leaf 0xd):
00:00:01.676449    XSAVE area cur/max size by XCR0, guest: 0x340/0x340
00:00:01.676450     XSAVE area cur/max size by XCR0, host: 0x440/0x440
00:00:01.676451                    Valid XCR0 bits, guest: 0x00000000`00000007 ( x87 SSE YMM_Hi128 )
00:00:01.676454                     Valid XCR0 bits, host: 0x00000000`0000001f ( x87 SSE YMM_Hi128 BNDREGS BNDCSR )
00:00:01.676457                     XSAVE features, guest:
00:00:01.676459                      XSAVE features, host: XSAVEOPT XSAVEC XGETBC1 XSAVES
00:00:01.676461       XSAVE area cur size XCR0|XSS, guest: 0x3c0
00:00:01.676462        XSAVE area cur size XCR0|XSS, host: 0x3c0
00:00:01.676463                Valid IA32_XSS bits, guest: 0x00000000`00000000
00:00:01.676464                 Valid IA32_XSS bits, host: 0x00000100`00000000 ( 40 )
00:00:01.676467   State #2, guest: off=0x0240, cb=0x0100 IA32_XSS-bit -- YMM_Hi128
00:00:01.676469   State #2, host:  off=0x0240, cb=0x0100 IA32_XSS-bit -- YMM_Hi128
00:00:01.676471   State #3, host:  off=0x03c0, cb=0x0040 IA32_XSS-bit -- BNDREGS
00:00:01.676473   State #4, host:  off=0x0400, cb=0x0040 IA32_XSS-bit -- BNDCSR
00:00:01.676476   State #8, host:  off=0x0000, cb=0x0080 XCR0-bit -- 8
00:00:01.676488          Unknown CPUID Leaves
00:00:01.676489      Leaf/sub-leaf  eax      ebx      ecx      edx
00:00:01.676490 Gst: 00000014/0001  00000000 00000000 00000000 00000000
00:00:01.676491 Hst:                02490002 003f3fff 00000000 00000000
00:00:01.676493 Gst: 00000014/0002  00000000 00000000 00000000 00000000
00:00:01.676494 Hst:                00000000 00000000 00000000 00000000
00:00:01.676496 Gst: 00000015/0000  00000000 00000000 00000000 00000000
00:00:01.676497 Hst:                00000002 000000d8 00000000 00000000
00:00:01.676499 Gst: 00000016/0000  00000000 00000000 00000000 00000000
00:00:01.676500 Hst:                00000a28 00000c1c 00000064 00000000
00:00:01.676502          Raw Hypervisor CPUID Leaves
00:00:01.676502      Leaf/sub-leaf  eax      ebx      ecx      edx
00:00:01.676503 Gst: 40000000/0000  40000001 4b4d564b 564b4d56 0000004d
00:00:01.676506 Hst:                00000a28 00000c1c 00000064 00000000
00:00:01.676507 Gst: 40000001/0000  01000089 00000000 00000000 00000000
00:00:01.676509 Hst:                00000a28 00000c1c 00000064 00000000
00:00:01.676511          Raw Extended CPUID Leaves
00:00:01.676511      Leaf/sub-leaf  eax      ebx      ecx      edx
00:00:01.676512 Gst: 80000000/0000  80000008 00000000 00000000 00000000
00:00:01.676513 Hst:                80000008 00000000 00000000 00000000
00:00:01.676515 Gst: 80000001/0000  00000000 00000000 00000121 28100800
00:00:01.676517 Hst:                00000000 00000000 00000121 2c100800
00:00:01.676518 Gst: 80000002/0000  65746e49 2952286c 726f4320 4d542865
00:00:01.676521 Hst:                65746e49 2952286c 726f4320 4d542865
00:00:01.676523 Gst: 80000003/0000  37692029 3035362d 43205530 40205550
00:00:01.676525 Hst:                37692029 3035362d 43205530 40205550
00:00:01.676527 Gst: 80000004/0000  352e3220 7a484730 00000000 00000000
00:00:01.676529 Hst:                352e3220 7a484730 00000000 00000000
00:00:01.676530 Gst: 80000005/0000  00000000 00000000 00000000 00000000
00:00:01.676532 Hst:                00000000 00000000 00000000 00000000
00:00:01.676533 Gst: 80000006/0000  00000000 00000000 01006040 00000000
00:00:01.676534 Hst:                00000000 00000000 01006040 00000000
00:00:01.676536 Gst: 80000007/0000  00000000 00000000 00000000 00000100
00:00:01.676537 Hst:                00000000 00000000 00000000 00000100
00:00:01.676538 Gst: 80000008/0000  00003027 00000000 00000000 00000000
00:00:01.676540 Hst:                00003027 00000000 00000000 00000000
00:00:01.676541 Ext Name:                        
00:00:01.676542 Ext Supports:                    0x80000000-0x80000008
00:00:01.676543 Family:                          0  	Extended: 0 	Effective: 0
00:00:01.676544 Model:                           0  	Extended: 0 	Effective: 0
00:00:01.676545 Stepping:                        0
00:00:01.676545 Brand ID:                        0x000
00:00:01.676546 Ext Features
00:00:01.676547   Mnemonic - Description                                  = guest (host)
00:00:01.676548   FPU - x87 FPU on Chip                                   = 0 (0)
00:00:01.676550   VME - Virtual 8086 Mode Enhancements                    = 0 (0)
00:00:01.676551   DE - Debugging extensions                               = 0 (0)
00:00:01.676553   PSE - Page Size Extension                               = 0 (0)
00:00:01.676555   TSC - Time Stamp Counter                                = 0 (0)
00:00:01.676556   MSR - K86 Model Specific Registers                      = 0 (0)
00:00:01.676558   PAE - Physical Address Extension                        = 0 (0)
00:00:01.676559   MCE - Machine Check Exception                           = 0 (0)
00:00:01.676561   CX8 - CMPXCHG8B instruction                             = 0 (0)
00:00:01.676562   APIC - APIC On-Chip                                     = 0 (0)
00:00:01.676564   SEP - SYSCALL/SYSRET                                    = 1 (1)
00:00:01.676566   MTRR - Memory Type Range Registers                      = 0 (0)
00:00:01.676567   PGE - PTE Global Bit                                    = 0 (0)
00:00:01.676569   MCA - Machine Check Architecture                        = 0 (0)
00:00:01.676570   CMOV - Conditional Move instructions                    = 0 (0)
00:00:01.676572   PAT - Page Attribute Table                              = 0 (0)
00:00:01.676573   PSE-36 - 36-bit Page Size Extension                     = 0 (0)
00:00:01.676574   NX - No-Execute/Execute-Disable                         = 1 (1)
00:00:01.676576   AXMMX - AMD Extensions to MMX instructions              = 0 (0)
00:00:01.676577   MMX - Intel MMX Technology                              = 0 (0)
00:00:01.676579   FXSR - FXSAVE and FXRSTOR Instructions                  = 0 (0)
00:00:01.676580   FFXSR - AMD fast FXSAVE and FXRSTOR instructions        = 0 (0)
00:00:01.676581   Page1GB - 1 GB large page                               = 0 (1)
00:00:01.676583   RDTSCP - RDTSCP instruction                             = 1 (1)
00:00:01.676584   LM - AMD64 Long Mode                                    = 1 (1)
00:00:01.676586   3DNOWEXT - AMD Extensions to 3DNow                      = 0 (0)
00:00:01.676587   3DNOW - AMD 3DNow                                       = 0 (0)
00:00:01.676589   LahfSahf - LAHF/SAHF support in 64-bit mode             = 1 (1)
00:00:01.676591   CmpLegacy - Core multi-processing legacy mode           = 0 (0)
00:00:01.676592   SVM - AMD Secure Virtual Machine extensions             = 0 (0)
00:00:01.676593   EXTAPIC - AMD Extended APIC registers                   = 0 (0)
00:00:01.676594   CR8L - AMD LOCK MOV CR0 means MOV CR8                   = 0 (0)
00:00:01.676596   ABM - AMD Advanced Bit Manipulation                     = 1 (1)
00:00:01.676597   SSE4A - SSE4A instructions                              = 0 (0)
00:00:01.676599   MISALIGNSSE - AMD Misaligned SSE mode                   = 0 (0)
00:00:01.676600   3DNOWPRF - AMD PREFETCH and PREFETCHW instructions      = 1 (1)
00:00:01.676601   OSVW - AMD OS Visible Workaround                        = 0 (0)
00:00:01.676603   IBS - Instruct Based Sampling                           = 0 (0)
00:00:01.676604   XOP - Extended Operation support                        = 0 (0)
00:00:01.676606   SKINIT - SKINIT, STGI, and DEV support                  = 0 (0)
00:00:01.676607   WDT - AMD Watchdog Timer support                        = 0 (0)
00:00:01.676608   LWP - Lightweight Profiling support                     = 0 (0)
00:00:01.676610   FMA4 - Four operand FMA instruction support             = 0 (0)
00:00:01.676611   NodeId - NodeId in MSR C001_100C                        = 0 (0)
00:00:01.676613   TBM - Trailing Bit Manipulation instructions            = 0 (0)
00:00:01.676614   TOPOEXT - Topology Extensions                           = 0 (0)
00:00:01.676616 Full Name:                       "Intel(R) Core(TM) i7-6500U CPU @ 2.50GHz"
00:00:01.676617 TLB 2/4M Instr/Uni:              res0     0 entries
00:00:01.676618 TLB 2/4M Data:                   res0     0 entries
00:00:01.676619 TLB 4K Instr/Uni:                res0     0 entries
00:00:01.676619 TLB 4K Data:                     res0     0 entries
00:00:01.676620 L1 Instr Cache Line Size:        0 bytes
00:00:01.676621 L1 Instr Cache Lines Per Tag:    0
00:00:01.676622 L1 Instr Cache Associativity:    res0  
00:00:01.676622 L1 Instr Cache Size:             0 KB
00:00:01.676623 L1 Data Cache Line Size:         0 bytes
00:00:01.676624 L1 Data Cache Lines Per Tag:     0
00:00:01.676624 L1 Data Cache Associativity:     res0  
00:00:01.676625 L1 Data Cache Size:              0 KB
00:00:01.676626 L2 TLB 2/4M Instr/Uni:           off       0 entries
00:00:01.676627 L2 TLB 2/4M Data:                off       0 entries
00:00:01.676628 L2 TLB 4K Instr/Uni:             off       0 entries
00:00:01.676628 L2 TLB 4K Data:                  off       0 entries
00:00:01.676629 L2 Cache Line Size:              0 bytes
00:00:01.676630 L2 Cache Lines Per Tag:          0
00:00:01.676630 L2 Cache Associativity:          off   
00:00:01.676631 L2 Cache Size:                   0 KB
00:00:01.676632 APM Features:                    TscInvariant
00:00:01.676633 Host Invariant-TSC support:      true 
00:00:01.676634 Physical Address Width:          39 bits
00:00:01.676635 Virtual Address Width:           48 bits
00:00:01.676635 Guest Physical Address Width:    0 bits
00:00:01.676636 Physical Core Count:             1
00:00:01.676639 
00:00:01.676640 ******************** End of CPUID dump **********************
00:00:01.680615 PcBios: SATA LUN#0 LCHS=1024/255/63
00:00:01.680623 PcBios: SATA LUN#1 LCHS=1024/255/63
00:00:01.681164 APIC: fPostedIntrsEnabled=false fVirtApicRegsEnabled=false fSupportsTscDeadline=false
00:00:01.681176 TMR3UtcNow: nsNow=1 532 665 610 995 619 000 nsPrev=0 -> cNsDelta=1 532 665 610 995 619 000 (offLag=0 offVirtualSync=0 offVirtualSyncGivenUp=0, NowAgain=1 532 665 610 995 619 000)
00:00:01.681187 VMEmt: Halt method global1 (5)
00:00:01.681204 VMEmt: HaltedGlobal1 config: cNsSpinBlockThresholdCfg=2000
00:00:01.681210 Changing the VM state from 'CREATING' to 'CREATED'
00:00:01.684324 SharedFolders host service: Adding host mapping
00:00:01.684332     Host path '/home', map name 'hosthome', writable, automount=true, create_symlinks=true, missing=false
00:00:01.684379 Changing the VM state from 'CREATED' to 'POWERING_ON'
00:00:01.685726 Changing the VM state from 'POWERING_ON' to 'RUNNING'
00:00:01.685734 Console: Machine state changed to 'Running'
00:00:01.689028 VMMDev: Guest Log: BIOS: VirtualBox 5.2.10
00:00:01.689110 PCI: setting up resources and interrupts
00:00:01.689467 PIT: mode=2 count=0x10000 (65536) - 18.20 Hz (ch=0)
00:00:01.705891 VMMDev: Guest Log: CPUID EDX: 0x078bfbff
00:00:01.708130 Display::handleDisplayResize: uScreenId=0 pvVRAM=0000000000000000 w=720 h=400 bpp=0 cbLine=0x0 flags=0x0
00:00:01.714829 AHCI#0: Reset the HBA
00:00:01.714842 VD#1: Cancelling all active requests
00:00:01.714899 AHCI#0: Port 0 reset
00:00:01.715070 AHCI#0: Port 1 reset
00:00:01.715089 VD#1: Cancelling all active requests
00:00:01.715635 VMMDev: Guest Log: BIOS: AHCI 1-P#1: PCHS=16383/16/63 LCHS=1024/255/63 0x0000000002710000 sectors
00:00:01.715704 AHCI#0: Port 2 reset
00:00:01.858178 AHCI#0: Port 3 reset
00:00:01.987683 NAT: Old socket recv size: 128KB
00:00:01.987701 NAT: Old socket send size: 128KB
00:00:02.023256 AHCI#0: Port 4 reset
00:00:02.187964 AHCI#0: Port 5 reset
00:00:02.352557 AHCI#0: Port 6 reset
00:00:02.518196 AHCI#0: Port 7 reset
00:00:02.678224 AHCI#0: Port 8 reset
00:00:02.848174 AHCI#0: Port 9 reset
00:00:03.008182 AHCI#0: Port 10 reset
00:00:03.178173 AHCI#0: Port 11 reset
00:00:03.338218 AHCI#0: Port 12 reset
00:00:03.502909 AHCI#0: Port 13 reset
00:00:03.668185 AHCI#0: Port 14 reset
00:00:03.834418 AHCI#0: Port 15 reset
00:00:03.996643 AHCI#0: Port 16 reset
00:00:04.163327 AHCI#0: Port 17 reset
00:00:04.337290 AHCI#0: Port 18 reset
00:00:04.492195 AHCI#0: Port 19 reset
00:00:04.658167 AHCI#0: Port 20 reset
00:00:04.821520 AHCI#0: Port 21 reset
00:00:04.988188 AHCI#0: Port 22 reset
00:00:05.155387 AHCI#0: Port 23 reset
00:00:05.318163 AHCI#0: Port 24 reset
00:00:05.487338 AHCI#0: Port 25 reset
00:00:05.648214 AHCI#0: Port 26 reset
00:00:05.810635 AHCI#0: Port 27 reset
00:00:05.979180 AHCI#0: Port 28 reset
00:00:06.144953 AHCI#0: Port 29 reset
00:00:06.331436 PIT: mode=2 count=0x48d3 (18643) - 64.00 Hz (ch=0)
00:00:06.414401 PIT: mode=2 count=0x10000 (65536) - 18.20 Hz (ch=0)
00:00:06.416036 VMMDev: Guest Log: BIOS: Boot : bseqnr=1, bootseq=0233
00:00:06.420190 VMMDev: Guest Log: BIOS: Booting from CD-ROM...
00:00:07.060288 VMMDev: Guest Log: BIOS: KBD: unsupported int 16h function 03
00:00:07.060531 VMMDev: Guest Log: BIOS: AX=0305 BX=0000 CX=0000 DX=0000 
00:00:07.609604 GIM: KVM: VCPU  0: Enabled system-time struct. at 0x000000003ffef000 - u32TscScale=0xc588e05e i8TscShift=-1 uVersion=2 fFlags=0x1 uTsc=0x3917172ef uVirtNanoTS=0x1607393e3
00:00:07.609631 TM: Switching TSC mode from 'Dynamic' to 'RealTscOffset'
00:00:07.641629 GIM: KVM: Enabled wall-clock struct. at 0x0000000001c86e08 - u32Sec=1532665616 u32Nano=955340090 uVersion=2
00:00:22.720078 AHCI#0: Reset the HBA
00:00:22.800829 VD#1: Cancelling all active requests
00:00:22.870119 AHCI#0: Port 0 reset
00:00:23.204490 AHCI#0: Port 1 reset
00:00:23.205627 VD#1: Cancelling all active requests
00:00:39.872486 VMMDev: Guest Additions information report: Version 5.2.2 r119230 '5.2.2'
00:00:40.671724 VMMDev: Guest Additions information report: Interface = 0x00010004 osType = 0x00053100 (Linux >= 2.6, 64-bit)
00:00:46.818542 NAT: Link up
00:00:47.525639 VMMDev: Guest Additions capability report: (0x0 -> 0x0) seamless: no, hostWindowMapping: no, graphics: no
00:00:48.418535 VMMDev: Guest reported fixed hypervisor window at 00001400000 LB 0x800000 (rc=VINF_SUCCESS)
00:00:48.533363 VMMDev: vmmDevReqHandler_HeartbeatConfigure: No change (fHeartbeatActive=false).
00:00:48.533399 VMMDev: Heartbeat flatline timer set to trigger after 4 000 000 000 ns
00:00:48.908489 VMMDev: Guest Log: vgdrvHeartbeatInit: Setting up heartbeat to trigger every 2000 milliseconds
00:00:48.909644 VMMDev: Guest Log: vboxguest: misc device minor 56, IRQ 20, I/O port d020, MMIO at 00000000f0400000 (size 0x400000)
00:01:17.424124 VMMDev: Guest Log: VBoxService 5.2.2 r119230 (verbosity: 0) linux.amd64 (Nov 22 2017 17:22:52) release log
00:01:17.440206 VMMDev: Guest Log: 00:00:00.000604 main     Log opened 2018-07-27T04:28:04.168586000Z
00:01:17.442208 VMMDev: Guest Log: 00:00:00.064843 main     OS Product: Linux
00:01:17.442874 VMMDev: Guest Log: 00:00:00.065530 main     OS Release: 4.9.93-boot2docker
00:01:17.442899 VMMDev: Guest Log: 00:00:00.065558 main     OS Version: #1 SMP Thu Jul 19 18:29:50 UTC 2018
00:01:17.442920 VMMDev: Guest Log: 00:00:00.065577 main     Executable: /sbin/VBoxService
00:01:17.442924 VMMDev: Guest Log: 00:00:00.065578 main     Process ID: 2694
00:01:17.442928 VMMDev: Guest Log: 00:00:00.065579 main     Package type: LINUX_64BITS_GENERIC
00:01:17.446917 VMMDev: Guest Log: 00:00:00.069588 main     5.2.2 r119230 started. Verbose level = 0
00:01:17.564943 VMMDev: Guest Additions capability report: (0x0 -> 0x0) seamless: no, hostWindowMapping: no, graphics: no
00:01:17.587079 VMMDev: Guest Log: 00:00:00.209724 vminfo   rtldrNativeLoad: dlopen('libdbus-1.so.3', RTLD_NOW | RTLD_LOCAL) failed: libdbus-1.so.3: cannot open shared object file: No such file or directory
00:01:17.587120 VMMDev: Guest Log: 00:00:00.209780 vminfo   Error: Unable to connect to system D-Bus (1/3): D-Bus not installed
00:01:18.067965 NAT: IPv6 not supported
00:01:18.580818 NAT: resolv.conf: nameserver 127.0.0.53
00:01:18.580847 NAT: DNS#0: 127.0.0.53
00:01:18.580853 NAT: DHCP offered IP address 10.0.2.15
00:01:18.581054 NAT: DHCP offered IP address 10.0.2.15
00:01:22.604400 VMMDev: Guest Log: 00:00:05.228463 vminfo   Error: Unable to connect to system D-Bus (2/3): D-Bus not installed
00:01:27.611084 VMMDev: Guest Log: 00:00:10.235192 vminfo   Error: Unable to connect to system D-Bus (3/3): D-Bus not installed
